2024-05-15 21:29:42,103 - INFO - Initializing CubicForwardSpline
2024-05-15 21:29:42,104 - INFO - Finished initializing CubicForwardSpline
2024-05-15 21:29:44,150 - INFO - Starting load_data
2024-05-15 21:29:44,171 - INFO - Finished load_data
2024-05-15 21:29:52,003 - INFO - Starting run_one_time
2024-05-15 21:29:52,003 - INFO - Starting calc_spline
2024-05-15 21:29:52,041 - INFO - Finished calc_spline
2024-05-15 21:29:52,041 - INFO - Finished run_one_time
2024-05-15 21:29:59,824 - INFO - Starting run_linear
2024-05-15 21:29:59,826 - INFO - Starting calc_spline
2024-05-15 21:29:59,857 - INFO - Finished calc_spline
2024-05-15 21:29:59,858 - INFO - Starting calc_spline
2024-05-15 21:29:59,879 - INFO - Finished calc_spline
2024-05-15 21:29:59,879 - INFO - Starting calc_spline
2024-05-15 21:29:59,897 - INFO - Finished calc_spline
2024-05-15 21:29:59,897 - INFO - Starting calc_spline
2024-05-15 21:29:59,914 - INFO - Finished calc_spline
2024-05-15 21:29:59,914 - INFO - Starting calc_spline
2024-05-15 21:29:59,961 - INFO - Finished calc_spline
2024-05-15 21:29:59,961 - INFO - Starting calc_spline
2024-05-15 21:29:59,979 - INFO - Finished calc_spline
2024-05-15 21:29:59,979 - INFO - Starting calc_spline
2024-05-15 21:29:59,996 - INFO - Finished calc_spline
2024-05-15 21:29:59,996 - INFO - Starting calc_spline
2024-05-15 21:30:00,012 - INFO - Finished calc_spline
2024-05-15 21:30:00,012 - INFO - Starting calc_spline
2024-05-15 21:30:00,031 - INFO - Finished calc_spline
2024-05-15 21:30:00,031 - INFO - Starting calc_spline
2024-05-15 21:30:00,049 - INFO - Finished calc_spline
2024-05-15 21:30:00,049 - INFO - Starting calc_spline
2024-05-15 21:30:00,066 - INFO - Finished calc_spline
2024-05-15 21:30:00,066 - INFO - Starting calc_spline
2024-05-15 21:30:00,083 - INFO - Finished calc_spline
2024-05-15 21:30:00,083 - INFO - Starting calc_spline
2024-05-15 21:30:00,100 - INFO - Finished calc_spline
2024-05-15 21:30:00,100 - INFO - Starting calc_spline
2024-05-15 21:30:00,116 - INFO - Finished calc_spline
2024-05-15 21:30:00,117 - INFO - Starting calc_spline
2024-05-15 21:30:00,133 - INFO - Finished calc_spline
2024-05-15 21:30:00,133 - INFO - Starting calc_spline
2024-05-15 21:30:00,149 - INFO - Finished calc_spline
2024-05-15 21:30:00,149 - INFO - Starting calc_spline
2024-05-15 21:30:00,166 - INFO - Finished calc_spline
2024-05-15 21:30:00,166 - INFO - Starting calc_spline
2024-05-15 21:30:00,182 - INFO - Finished calc_spline
2024-05-15 21:30:00,183 - INFO - Starting calc_spline
2024-05-15 21:30:00,199 - INFO - Finished calc_spline
2024-05-15 21:30:00,199 - INFO - Starting calc_spline
2024-05-15 21:30:00,215 - INFO - Finished calc_spline
2024-05-15 21:30:00,215 - INFO - Starting calc_spline
2024-05-15 21:30:00,231 - INFO - Finished calc_spline
2024-05-15 21:30:00,232 - INFO - Starting calc_spline
2024-05-15 21:30:00,248 - INFO - Finished calc_spline
2024-05-15 21:30:00,248 - INFO - Starting calc_spline
2024-05-15 21:30:00,265 - INFO - Finished calc_spline
2024-05-15 21:30:00,265 - INFO - Starting calc_spline
2024-05-15 21:30:00,281 - INFO - Finished calc_spline
2024-05-15 21:30:00,281 - INFO - Starting calc_spline
2024-05-15 21:30:00,297 - INFO - Finished calc_spline
2024-05-15 21:30:00,298 - INFO - Starting calc_spline
2024-05-15 21:30:00,315 - INFO - Finished calc_spline
2024-05-15 21:30:00,315 - INFO - Starting calc_spline
2024-05-15 21:30:00,332 - INFO - Finished calc_spline
2024-05-15 21:30:00,332 - INFO - Starting calc_spline
2024-05-15 21:30:00,349 - INFO - Finished calc_spline
2024-05-15 21:30:00,349 - INFO - Starting calc_spline
2024-05-15 21:30:00,366 - INFO - Finished calc_spline
2024-05-15 21:30:00,366 - INFO - Starting calc_spline
2024-05-15 21:30:00,383 - INFO - Finished calc_spline
2024-05-15 21:30:00,383 - INFO - Starting calc_spline
2024-05-15 21:30:00,400 - INFO - Finished calc_spline
2024-05-15 21:30:00,400 - INFO - Starting calc_spline
2024-05-15 21:30:00,416 - INFO - Finished calc_spline
2024-05-15 21:30:00,417 - INFO - Starting calc_spline
2024-05-15 21:30:00,433 - INFO - Finished calc_spline
2024-05-15 21:30:00,433 - INFO - Starting calc_spline
2024-05-15 21:30:00,449 - INFO - Finished calc_spline
2024-05-15 21:30:00,449 - INFO - Starting calc_spline
2024-05-15 21:30:00,466 - INFO - Finished calc_spline
2024-05-15 21:30:00,466 - INFO - Starting calc_spline
2024-05-15 21:30:00,482 - INFO - Finished calc_spline
2024-05-15 21:30:00,482 - INFO - Starting calc_spline
2024-05-15 21:30:00,499 - INFO - Finished calc_spline
2024-05-15 21:30:00,499 - INFO - Starting calc_spline
2024-05-15 21:30:00,517 - INFO - Finished calc_spline
2024-05-15 21:30:00,517 - INFO - Starting calc_spline
2024-05-15 21:30:00,533 - INFO - Finished calc_spline
2024-05-15 21:30:00,533 - INFO - Starting calc_spline
2024-05-15 21:30:00,550 - INFO - Finished calc_spline
2024-05-15 21:30:00,550 - INFO - Starting calc_spline
2024-05-15 21:30:00,566 - INFO - Finished calc_spline
2024-05-15 21:30:00,566 - INFO - Starting calc_spline
2024-05-15 21:30:00,582 - INFO - Finished calc_spline
2024-05-15 21:30:00,583 - INFO - Starting calc_spline
2024-05-15 21:30:00,599 - INFO - Finished calc_spline
2024-05-15 21:30:00,600 - INFO - Starting calc_spline
2024-05-15 21:30:00,616 - INFO - Finished calc_spline
2024-05-15 21:30:00,616 - INFO - Starting calc_spline
2024-05-15 21:30:00,632 - INFO - Finished calc_spline
2024-05-15 21:30:00,633 - INFO - Starting calc_spline
2024-05-15 21:30:00,649 - INFO - Finished calc_spline
2024-05-15 21:30:00,649 - INFO - Starting calc_spline
2024-05-15 21:30:00,665 - INFO - Finished calc_spline
2024-05-15 21:30:00,665 - INFO - Starting calc_spline
2024-05-15 21:30:00,682 - INFO - Finished calc_spline
2024-05-15 21:30:00,682 - INFO - Starting calc_spline
2024-05-15 21:30:00,698 - INFO - Finished calc_spline
2024-05-15 21:30:00,698 - INFO - Starting calc_spline
2024-05-15 21:30:00,715 - INFO - Finished calc_spline
2024-05-15 21:30:00,715 - INFO - Starting calc_spline
2024-05-15 21:30:00,731 - INFO - Finished calc_spline
2024-05-15 21:30:00,731 - INFO - Starting calc_spline
2024-05-15 21:30:00,747 - INFO - Finished calc_spline
2024-05-15 21:30:00,747 - INFO - Starting calc_spline
2024-05-15 21:30:00,764 - INFO - Finished calc_spline
2024-05-15 21:30:00,764 - INFO - Starting calc_spline
2024-05-15 21:30:00,780 - INFO - Finished calc_spline
2024-05-15 21:30:00,780 - INFO - Starting calc_spline
2024-05-15 21:30:00,797 - INFO - Finished calc_spline
2024-05-15 21:30:00,797 - INFO - Starting calc_spline
2024-05-15 21:30:00,813 - INFO - Finished calc_spline
2024-05-15 21:30:00,813 - INFO - Starting calc_spline
2024-05-15 21:30:00,829 - INFO - Finished calc_spline
2024-05-15 21:30:00,829 - INFO - Starting calc_spline
2024-05-15 21:30:00,845 - INFO - Finished calc_spline
2024-05-15 21:30:00,845 - INFO - Starting calc_spline
2024-05-15 21:30:00,861 - INFO - Finished calc_spline
2024-05-15 21:30:00,862 - INFO - Starting calc_spline
2024-05-15 21:30:00,878 - INFO - Finished calc_spline
2024-05-15 21:30:00,878 - INFO - Starting calc_spline
2024-05-15 21:30:00,894 - INFO - Finished calc_spline
2024-05-15 21:30:00,894 - INFO - Finished run_linear
