2024-05-15 21:44:10,514 - INFO - Initializing CubicForwardSpline
2024-05-15 21:44:10,514 - INFO - Finished initializing CubicForwardSpline
2024-05-15 21:44:12,437 - INFO - Starting load_data
2024-05-15 21:44:12,457 - INFO - Finished load_data
2024-05-15 21:44:16,996 - INFO - Starting run_one_time
2024-05-15 21:44:16,997 - INFO - Starting calc_spline
2024-05-15 21:44:17,038 - INFO - Finished calc_spline
2024-05-15 21:44:17,038 - INFO - Finished run_one_time
2024-05-15 21:44:19,865 - INFO - Starting run_linear
2024-05-15 21:44:19,866 - INFO - Starting calc_spline
2024-05-15 21:44:19,902 - INFO - Finished calc_spline
2024-05-15 21:44:19,902 - INFO - Starting calc_spline
2024-05-15 21:44:19,924 - INFO - Finished calc_spline
2024-05-15 21:44:19,925 - INFO - Starting calc_spline
2024-05-15 21:44:19,947 - INFO - Finished calc_spline
2024-05-15 21:44:19,947 - INFO - Starting calc_spline
2024-05-15 21:44:19,965 - INFO - Finished calc_spline
2024-05-15 21:44:19,965 - INFO - Starting calc_spline
2024-05-15 21:44:20,019 - INFO - Finished calc_spline
2024-05-15 21:44:20,019 - INFO - Starting calc_spline
2024-05-15 21:44:20,036 - INFO - Finished calc_spline
2024-05-15 21:44:20,036 - INFO - Starting calc_spline
2024-05-15 21:44:20,053 - INFO - Finished calc_spline
2024-05-15 21:44:20,054 - INFO - Starting calc_spline
2024-05-15 21:44:20,071 - INFO - Finished calc_spline
2024-05-15 21:44:20,071 - INFO - Starting calc_spline
2024-05-15 21:44:20,089 - INFO - Finished calc_spline
2024-05-15 21:44:20,090 - INFO - Starting calc_spline
2024-05-15 21:44:20,108 - INFO - Finished calc_spline
2024-05-15 21:44:20,108 - INFO - Starting calc_spline
2024-05-15 21:44:20,125 - INFO - Finished calc_spline
2024-05-15 21:44:20,125 - INFO - Starting calc_spline
2024-05-15 21:44:20,142 - INFO - Finished calc_spline
2024-05-15 21:44:20,142 - INFO - Starting calc_spline
2024-05-15 21:44:20,158 - INFO - Finished calc_spline
2024-05-15 21:44:20,159 - INFO - Starting calc_spline
2024-05-15 21:44:20,176 - INFO - Finished calc_spline
2024-05-15 21:44:20,176 - INFO - Starting calc_spline
2024-05-15 21:44:20,194 - INFO - Finished calc_spline
2024-05-15 21:44:20,194 - INFO - Starting calc_spline
2024-05-15 21:44:20,212 - INFO - Finished calc_spline
2024-05-15 21:44:20,212 - INFO - Starting calc_spline
2024-05-15 21:44:20,229 - INFO - Finished calc_spline
2024-05-15 21:44:20,229 - INFO - Starting calc_spline
2024-05-15 21:44:20,246 - INFO - Finished calc_spline
2024-05-15 21:44:20,246 - INFO - Starting calc_spline
2024-05-15 21:44:20,262 - INFO - Finished calc_spline
2024-05-15 21:44:20,262 - INFO - Starting calc_spline
2024-05-15 21:44:20,279 - INFO - Finished calc_spline
2024-05-15 21:44:20,279 - INFO - Starting calc_spline
2024-05-15 21:44:20,295 - INFO - Finished calc_spline
2024-05-15 21:44:20,295 - INFO - Starting calc_spline
2024-05-15 21:44:20,312 - INFO - Finished calc_spline
2024-05-15 21:44:20,312 - INFO - Starting calc_spline
2024-05-15 21:44:20,329 - INFO - Finished calc_spline
2024-05-15 21:44:20,329 - INFO - Starting calc_spline
2024-05-15 21:44:20,346 - INFO - Finished calc_spline
2024-05-15 21:44:20,346 - INFO - Starting calc_spline
2024-05-15 21:44:20,362 - INFO - Finished calc_spline
2024-05-15 21:44:20,363 - INFO - Starting calc_spline
2024-05-15 21:44:20,379 - INFO - Finished calc_spline
2024-05-15 21:44:20,379 - INFO - Starting calc_spline
2024-05-15 21:44:20,395 - INFO - Finished calc_spline
2024-05-15 21:44:20,395 - INFO - Starting calc_spline
2024-05-15 21:44:20,413 - INFO - Finished calc_spline
2024-05-15 21:44:20,413 - INFO - Starting calc_spline
2024-05-15 21:44:20,430 - INFO - Finished calc_spline
2024-05-15 21:44:20,431 - INFO - Starting calc_spline
2024-05-15 21:44:20,447 - INFO - Finished calc_spline
2024-05-15 21:44:20,447 - INFO - Starting calc_spline
2024-05-15 21:44:20,464 - INFO - Finished calc_spline
2024-05-15 21:44:20,464 - INFO - Starting calc_spline
2024-05-15 21:44:20,480 - INFO - Finished calc_spline
2024-05-15 21:44:20,480 - INFO - Starting calc_spline
2024-05-15 21:44:20,497 - INFO - Finished calc_spline
2024-05-15 21:44:20,497 - INFO - Starting calc_spline
2024-05-15 21:44:20,513 - INFO - Finished calc_spline
2024-05-15 21:44:20,513 - INFO - Starting calc_spline
2024-05-15 21:44:20,531 - INFO - Finished calc_spline
2024-05-15 21:44:20,531 - INFO - Starting calc_spline
2024-05-15 21:44:20,548 - INFO - Finished calc_spline
2024-05-15 21:44:20,548 - INFO - Starting calc_spline
2024-05-15 21:44:20,564 - INFO - Finished calc_spline
2024-05-15 21:44:20,565 - INFO - Starting calc_spline
2024-05-15 21:44:20,581 - INFO - Finished calc_spline
2024-05-15 21:44:20,581 - INFO - Starting calc_spline
2024-05-15 21:44:20,597 - INFO - Finished calc_spline
2024-05-15 21:44:20,597 - INFO - Starting calc_spline
2024-05-15 21:44:20,613 - INFO - Finished calc_spline
2024-05-15 21:44:20,613 - INFO - Starting calc_spline
2024-05-15 21:44:20,631 - INFO - Finished calc_spline
2024-05-15 21:44:20,631 - INFO - Starting calc_spline
2024-05-15 21:44:20,648 - INFO - Finished calc_spline
2024-05-15 21:44:20,648 - INFO - Starting calc_spline
2024-05-15 21:44:20,664 - INFO - Finished calc_spline
2024-05-15 21:44:20,665 - INFO - Starting calc_spline
2024-05-15 21:44:20,681 - INFO - Finished calc_spline
2024-05-15 21:44:20,681 - INFO - Starting calc_spline
2024-05-15 21:44:20,697 - INFO - Finished calc_spline
2024-05-15 21:44:20,697 - INFO - Starting calc_spline
2024-05-15 21:44:20,714 - INFO - Finished calc_spline
2024-05-15 21:44:20,714 - INFO - Starting calc_spline
2024-05-15 21:44:20,731 - INFO - Finished calc_spline
2024-05-15 21:44:20,732 - INFO - Starting calc_spline
2024-05-15 21:44:20,748 - INFO - Finished calc_spline
2024-05-15 21:44:20,748 - INFO - Starting calc_spline
2024-05-15 21:44:20,765 - INFO - Finished calc_spline
2024-05-15 21:44:20,765 - INFO - Starting calc_spline
2024-05-15 21:44:20,781 - INFO - Finished calc_spline
2024-05-15 21:44:20,781 - INFO - Starting calc_spline
2024-05-15 21:44:20,797 - INFO - Finished calc_spline
2024-05-15 21:44:20,797 - INFO - Starting calc_spline
2024-05-15 21:44:20,814 - INFO - Finished calc_spline
2024-05-15 21:44:20,814 - INFO - Starting calc_spline
2024-05-15 21:44:20,831 - INFO - Finished calc_spline
2024-05-15 21:44:20,831 - INFO - Starting calc_spline
2024-05-15 21:44:20,847 - INFO - Finished calc_spline
2024-05-15 21:44:20,847 - INFO - Starting calc_spline
2024-05-15 21:44:20,864 - INFO - Finished calc_spline
2024-05-15 21:44:20,864 - INFO - Starting calc_spline
2024-05-15 21:44:20,880 - INFO - Finished calc_spline
2024-05-15 21:44:20,880 - INFO - Starting calc_spline
2024-05-15 21:44:20,896 - INFO - Finished calc_spline
2024-05-15 21:44:20,897 - INFO - Starting calc_spline
2024-05-15 21:44:20,913 - INFO - Finished calc_spline
2024-05-15 21:44:20,913 - INFO - Starting calc_spline
2024-05-15 21:44:20,930 - INFO - Finished calc_spline
2024-05-15 21:44:20,930 - INFO - Starting calc_spline
2024-05-15 21:44:20,946 - INFO - Finished calc_spline
2024-05-15 21:44:20,946 - INFO - Starting calc_spline
2024-05-15 21:44:20,962 - INFO - Finished calc_spline
2024-05-15 21:44:20,963 - INFO - Finished run_linear
