2024-05-15 21:12:55,803 - INFO - Initializing CubicForwardSpline
2024-05-15 21:12:55,803 - INFO - Finished initializing CubicForwardSpline
2024-05-15 21:12:55,817 - INFO - Starting load_data
2024-05-15 21:12:55,849 - INFO - Finished load_data
2024-05-15 21:13:00,164 - INFO - Starting run_one_time
2024-05-15 21:13:00,164 - INFO - Starting calc_spline
2024-05-15 21:13:00,209 - INFO - Finished calc_spline
2024-05-15 21:13:00,210 - INFO - Finished run_one_time
2024-05-15 21:13:08,261 - INFO - Starting run_linear
2024-05-15 21:13:08,263 - INFO - Starting calc_spline
2024-05-15 21:13:08,295 - INFO - Finished calc_spline
2024-05-15 21:13:08,295 - INFO - Starting calc_spline
2024-05-15 21:13:08,315 - INFO - Finished calc_spline
2024-05-15 21:13:08,316 - INFO - Starting calc_spline
2024-05-15 21:13:08,335 - INFO - Finished calc_spline
2024-05-15 21:13:08,335 - INFO - Starting calc_spline
2024-05-15 21:13:08,354 - INFO - Finished calc_spline
2024-05-15 21:13:08,354 - INFO - Starting calc_spline
2024-05-15 21:13:08,403 - INFO - Finished calc_spline
2024-05-15 21:13:08,403 - INFO - Starting calc_spline
2024-05-15 21:13:08,420 - INFO - Finished calc_spline
2024-05-15 21:13:08,420 - INFO - Starting calc_spline
2024-05-15 21:13:08,437 - INFO - Finished calc_spline
2024-05-15 21:13:08,437 - INFO - Starting calc_spline
2024-05-15 21:13:08,454 - INFO - Finished calc_spline
2024-05-15 21:13:08,454 - INFO - Starting calc_spline
2024-05-15 21:13:08,471 - INFO - Finished calc_spline
2024-05-15 21:13:08,471 - INFO - Starting calc_spline
2024-05-15 21:13:08,489 - INFO - Finished calc_spline
2024-05-15 21:13:08,489 - INFO - Starting calc_spline
2024-05-15 21:13:08,506 - INFO - Finished calc_spline
2024-05-15 21:13:08,506 - INFO - Starting calc_spline
2024-05-15 21:13:08,523 - INFO - Finished calc_spline
2024-05-15 21:13:08,523 - INFO - Starting calc_spline
2024-05-15 21:13:08,540 - INFO - Finished calc_spline
2024-05-15 21:13:08,540 - INFO - Starting calc_spline
2024-05-15 21:13:08,556 - INFO - Finished calc_spline
2024-05-15 21:13:08,556 - INFO - Starting calc_spline
2024-05-15 21:13:08,572 - INFO - Finished calc_spline
2024-05-15 21:13:08,572 - INFO - Starting calc_spline
2024-05-15 21:13:08,589 - INFO - Finished calc_spline
2024-05-15 21:13:08,589 - INFO - Starting calc_spline
2024-05-15 21:13:08,606 - INFO - Finished calc_spline
2024-05-15 21:13:08,606 - INFO - Starting calc_spline
2024-05-15 21:13:08,623 - INFO - Finished calc_spline
2024-05-15 21:13:08,623 - INFO - Starting calc_spline
2024-05-15 21:13:08,639 - INFO - Finished calc_spline
2024-05-15 21:13:08,639 - INFO - Starting calc_spline
2024-05-15 21:13:08,656 - INFO - Finished calc_spline
2024-05-15 21:13:08,656 - INFO - Starting calc_spline
2024-05-15 21:13:08,673 - INFO - Finished calc_spline
2024-05-15 21:13:08,673 - INFO - Starting calc_spline
2024-05-15 21:13:08,689 - INFO - Finished calc_spline
2024-05-15 21:13:08,689 - INFO - Starting calc_spline
2024-05-15 21:13:08,707 - INFO - Finished calc_spline
2024-05-15 21:13:08,707 - INFO - Starting calc_spline
2024-05-15 21:13:08,724 - INFO - Finished calc_spline
2024-05-15 21:13:08,725 - INFO - Starting calc_spline
2024-05-15 21:13:08,741 - INFO - Finished calc_spline
2024-05-15 21:13:08,741 - INFO - Starting calc_spline
2024-05-15 21:13:08,757 - INFO - Finished calc_spline
2024-05-15 21:13:08,758 - INFO - Starting calc_spline
2024-05-15 21:13:08,774 - INFO - Finished calc_spline
2024-05-15 21:13:08,774 - INFO - Starting calc_spline
2024-05-15 21:13:08,791 - INFO - Finished calc_spline
2024-05-15 21:13:08,791 - INFO - Starting calc_spline
2024-05-15 21:13:08,809 - INFO - Finished calc_spline
2024-05-15 21:13:08,809 - INFO - Starting calc_spline
2024-05-15 21:13:08,826 - INFO - Finished calc_spline
2024-05-15 21:13:08,826 - INFO - Starting calc_spline
2024-05-15 21:13:08,843 - INFO - Finished calc_spline
2024-05-15 21:13:08,843 - INFO - Starting calc_spline
2024-05-15 21:13:08,860 - INFO - Finished calc_spline
2024-05-15 21:13:08,861 - INFO - Starting calc_spline
2024-05-15 21:13:08,879 - INFO - Finished calc_spline
2024-05-15 21:13:08,879 - INFO - Starting calc_spline
2024-05-15 21:13:08,896 - INFO - Finished calc_spline
2024-05-15 21:13:08,896 - INFO - Starting calc_spline
2024-05-15 21:13:08,915 - INFO - Finished calc_spline
2024-05-15 21:13:08,915 - INFO - Starting calc_spline
2024-05-15 21:13:08,933 - INFO - Finished calc_spline
2024-05-15 21:13:08,933 - INFO - Starting calc_spline
2024-05-15 21:13:08,951 - INFO - Finished calc_spline
2024-05-15 21:13:08,951 - INFO - Starting calc_spline
2024-05-15 21:13:08,969 - INFO - Finished calc_spline
2024-05-15 21:13:08,969 - INFO - Starting calc_spline
2024-05-15 21:13:08,986 - INFO - Finished calc_spline
2024-05-15 21:13:08,986 - INFO - Starting calc_spline
2024-05-15 21:13:09,005 - INFO - Finished calc_spline
2024-05-15 21:13:09,005 - INFO - Starting calc_spline
2024-05-15 21:13:09,022 - INFO - Finished calc_spline
2024-05-15 21:13:09,022 - INFO - Starting calc_spline
2024-05-15 21:13:09,041 - INFO - Finished calc_spline
2024-05-15 21:13:09,041 - INFO - Starting calc_spline
2024-05-15 21:13:09,059 - INFO - Finished calc_spline
2024-05-15 21:13:09,059 - INFO - Starting calc_spline
2024-05-15 21:13:09,077 - INFO - Finished calc_spline
2024-05-15 21:13:09,077 - INFO - Starting calc_spline
2024-05-15 21:13:09,095 - INFO - Finished calc_spline
2024-05-15 21:13:09,095 - INFO - Starting calc_spline
2024-05-15 21:13:09,112 - INFO - Finished calc_spline
2024-05-15 21:13:09,113 - INFO - Starting calc_spline
2024-05-15 21:13:09,130 - INFO - Finished calc_spline
2024-05-15 21:13:09,131 - INFO - Starting calc_spline
2024-05-15 21:13:09,148 - INFO - Finished calc_spline
2024-05-15 21:13:09,148 - INFO - Starting calc_spline
2024-05-15 21:13:09,166 - INFO - Finished calc_spline
2024-05-15 21:13:09,166 - INFO - Starting calc_spline
2024-05-15 21:13:09,184 - INFO - Finished calc_spline
2024-05-15 21:13:09,185 - INFO - Starting calc_spline
2024-05-15 21:13:09,202 - INFO - Finished calc_spline
2024-05-15 21:13:09,202 - INFO - Starting calc_spline
2024-05-15 21:13:09,220 - INFO - Finished calc_spline
2024-05-15 21:13:09,220 - INFO - Starting calc_spline
2024-05-15 21:13:09,238 - INFO - Finished calc_spline
2024-05-15 21:13:09,238 - INFO - Starting calc_spline
2024-05-15 21:13:09,256 - INFO - Finished calc_spline
2024-05-15 21:13:09,256 - INFO - Starting calc_spline
2024-05-15 21:13:09,273 - INFO - Finished calc_spline
2024-05-15 21:13:09,273 - INFO - Starting calc_spline
2024-05-15 21:13:09,292 - INFO - Finished calc_spline
2024-05-15 21:13:09,294 - INFO - Starting calc_spline
2024-05-15 21:13:09,312 - INFO - Finished calc_spline
2024-05-15 21:13:09,312 - INFO - Starting calc_spline
2024-05-15 21:13:09,330 - INFO - Finished calc_spline
2024-05-15 21:13:09,330 - INFO - Starting calc_spline
2024-05-15 21:13:09,347 - INFO - Finished calc_spline
2024-05-15 21:13:09,347 - INFO - Starting calc_spline
2024-05-15 21:13:09,364 - INFO - Finished calc_spline
2024-05-15 21:13:09,364 - INFO - Starting calc_spline
2024-05-15 21:13:09,381 - INFO - Finished calc_spline
2024-05-15 21:13:09,383 - INFO - Finished run_linear
2024-05-15 21:13:17,466 - INFO - Starting run_cubic_spline
2024-05-15 21:13:17,467 - INFO - Starting calc_spline
2024-05-15 21:13:17,499 - INFO - Finished calc_spline
2024-05-15 21:13:17,499 - INFO - Starting calc_spline
2024-05-15 21:13:17,520 - INFO - Finished calc_spline
2024-05-15 21:13:17,520 - INFO - Starting calc_spline
2024-05-15 21:13:17,538 - INFO - Finished calc_spline
2024-05-15 21:13:17,538 - INFO - Starting calc_spline
2024-05-15 21:13:17,554 - INFO - Finished calc_spline
2024-05-15 21:13:17,554 - INFO - Starting calc_spline
2024-05-15 21:13:17,571 - INFO - Finished calc_spline
2024-05-15 21:13:17,571 - INFO - Starting calc_spline
2024-05-15 21:13:17,587 - INFO - Finished calc_spline
2024-05-15 21:13:17,588 - INFO - Starting calc_spline
2024-05-15 21:13:17,604 - INFO - Finished calc_spline
2024-05-15 21:13:17,605 - INFO - Starting calc_spline
2024-05-15 21:13:17,622 - INFO - Finished calc_spline
2024-05-15 21:13:17,622 - INFO - Starting calc_spline
2024-05-15 21:13:17,639 - INFO - Finished calc_spline
2024-05-15 21:13:17,639 - INFO - Starting calc_spline
2024-05-15 21:13:17,656 - INFO - Finished calc_spline
2024-05-15 21:13:17,656 - INFO - Starting calc_spline
2024-05-15 21:13:17,673 - INFO - Finished calc_spline
2024-05-15 21:13:17,673 - INFO - Starting calc_spline
2024-05-15 21:13:17,690 - INFO - Finished calc_spline
2024-05-15 21:13:17,690 - INFO - Starting calc_spline
2024-05-15 21:13:17,707 - INFO - Finished calc_spline
2024-05-15 21:13:17,708 - INFO - Starting calc_spline
2024-05-15 21:13:17,724 - INFO - Finished calc_spline
2024-05-15 21:13:17,724 - INFO - Starting calc_spline
2024-05-15 21:13:17,742 - INFO - Finished calc_spline
2024-05-15 21:13:17,742 - INFO - Starting calc_spline
2024-05-15 21:13:17,759 - INFO - Finished calc_spline
2024-05-15 21:13:17,760 - INFO - Starting calc_spline
2024-05-15 21:13:17,777 - INFO - Finished calc_spline
2024-05-15 21:13:17,777 - INFO - Starting calc_spline
2024-05-15 21:13:17,793 - INFO - Finished calc_spline
2024-05-15 21:13:17,793 - INFO - Starting calc_spline
2024-05-15 21:13:17,810 - INFO - Finished calc_spline
2024-05-15 21:13:17,810 - INFO - Starting calc_spline
2024-05-15 21:13:17,826 - INFO - Finished calc_spline
2024-05-15 21:13:17,826 - INFO - Starting calc_spline
2024-05-15 21:13:17,843 - INFO - Finished calc_spline
2024-05-15 21:13:17,843 - INFO - Starting calc_spline
2024-05-15 21:13:17,859 - INFO - Finished calc_spline
2024-05-15 21:13:17,859 - INFO - Starting calc_spline
2024-05-15 21:13:17,875 - INFO - Finished calc_spline
2024-05-15 21:13:17,876 - INFO - Starting calc_spline
2024-05-15 21:13:17,893 - INFO - Finished calc_spline
2024-05-15 21:13:17,893 - INFO - Starting calc_spline
2024-05-15 21:13:17,910 - INFO - Finished calc_spline
2024-05-15 21:13:17,910 - INFO - Starting calc_spline
2024-05-15 21:13:17,928 - INFO - Finished calc_spline
2024-05-15 21:13:17,928 - INFO - Starting calc_spline
2024-05-15 21:13:17,945 - INFO - Finished calc_spline
2024-05-15 21:13:17,945 - INFO - Starting calc_spline
2024-05-15 21:13:17,962 - INFO - Finished calc_spline
2024-05-15 21:13:17,962 - INFO - Starting calc_spline
2024-05-15 21:13:17,978 - INFO - Finished calc_spline
2024-05-15 21:13:17,979 - INFO - Starting calc_spline
2024-05-15 21:13:17,996 - INFO - Finished calc_spline
2024-05-15 21:13:17,996 - INFO - Starting calc_spline
2024-05-15 21:13:18,013 - INFO - Finished calc_spline
2024-05-15 21:13:18,014 - INFO - Starting calc_spline
2024-05-15 21:13:18,031 - INFO - Finished calc_spline
2024-05-15 21:13:18,031 - INFO - Starting calc_spline
2024-05-15 21:13:18,048 - INFO - Finished calc_spline
2024-05-15 21:13:18,048 - INFO - Starting calc_spline
2024-05-15 21:13:18,065 - INFO - Finished calc_spline
2024-05-15 21:13:18,065 - INFO - Starting calc_spline
2024-05-15 21:13:18,081 - INFO - Finished calc_spline
2024-05-15 21:13:18,081 - INFO - Starting calc_spline
2024-05-15 21:13:18,097 - INFO - Finished calc_spline
2024-05-15 21:13:18,097 - INFO - Starting calc_spline
2024-05-15 21:13:18,113 - INFO - Finished calc_spline
2024-05-15 21:13:18,113 - INFO - Starting calc_spline
2024-05-15 21:13:18,129 - INFO - Finished calc_spline
2024-05-15 21:13:18,129 - INFO - Starting calc_spline
2024-05-15 21:13:18,145 - INFO - Finished calc_spline
2024-05-15 21:13:18,145 - INFO - Starting calc_spline
2024-05-15 21:13:18,161 - INFO - Finished calc_spline
2024-05-15 21:13:18,161 - INFO - Starting calc_spline
2024-05-15 21:13:18,177 - INFO - Finished calc_spline
2024-05-15 21:13:18,177 - INFO - Starting calc_spline
2024-05-15 21:13:18,193 - INFO - Finished calc_spline
2024-05-15 21:13:18,193 - INFO - Starting calc_spline
2024-05-15 21:13:18,209 - INFO - Finished calc_spline
2024-05-15 21:13:18,209 - INFO - Starting calc_spline
2024-05-15 21:13:18,225 - INFO - Finished calc_spline
2024-05-15 21:13:18,225 - INFO - Starting calc_spline
2024-05-15 21:13:18,241 - INFO - Finished calc_spline
2024-05-15 21:13:18,241 - INFO - Starting calc_spline
2024-05-15 21:13:18,257 - INFO - Finished calc_spline
2024-05-15 21:13:18,257 - INFO - Starting calc_spline
2024-05-15 21:13:18,273 - INFO - Finished calc_spline
2024-05-15 21:13:18,273 - INFO - Starting calc_spline
2024-05-15 21:13:18,289 - INFO - Finished calc_spline
2024-05-15 21:13:18,289 - INFO - Starting calc_spline
2024-05-15 21:13:18,304 - INFO - Finished calc_spline
2024-05-15 21:13:18,305 - INFO - Starting calc_spline
2024-05-15 21:13:18,320 - INFO - Finished calc_spline
2024-05-15 21:13:18,321 - INFO - Starting calc_spline
2024-05-15 21:13:18,336 - INFO - Finished calc_spline
2024-05-15 21:13:18,337 - INFO - Starting calc_spline
2024-05-15 21:13:18,353 - INFO - Finished calc_spline
2024-05-15 21:13:18,353 - INFO - Starting calc_spline
2024-05-15 21:13:18,368 - INFO - Finished calc_spline
2024-05-15 21:13:18,369 - INFO - Starting calc_spline
2024-05-15 21:13:18,385 - INFO - Finished calc_spline
2024-05-15 21:13:18,385 - INFO - Starting calc_spline
2024-05-15 21:13:18,401 - INFO - Finished calc_spline
2024-05-15 21:13:18,401 - INFO - Starting calc_spline
2024-05-15 21:13:18,416 - INFO - Finished calc_spline
2024-05-15 21:13:18,416 - INFO - Starting calc_spline
2024-05-15 21:13:18,433 - INFO - Finished calc_spline
2024-05-15 21:13:18,433 - INFO - Starting calc_spline
2024-05-15 21:13:18,449 - INFO - Finished calc_spline
2024-05-15 21:13:18,449 - INFO - Starting calc_spline
2024-05-15 21:13:18,465 - INFO - Finished calc_spline
2024-05-15 21:13:18,465 - INFO - Starting calc_spline
2024-05-15 21:13:18,480 - INFO - Finished calc_spline
2024-05-15 21:13:18,480 - INFO - Starting calc_spline
2024-05-15 21:13:18,497 - INFO - Finished calc_spline
2024-05-15 21:13:18,498 - INFO - Finished run_cubic_spline
2024-05-15 21:16:10,159 - INFO - Starting run_linear
2024-05-15 21:16:10,159 - INFO - Starting calc_spline
2024-05-15 21:16:10,192 - INFO - Finished calc_spline
2024-05-15 21:16:10,193 - INFO - Starting calc_spline
2024-05-15 21:16:10,215 - INFO - Finished calc_spline
2024-05-15 21:16:10,215 - INFO - Starting calc_spline
2024-05-15 21:16:10,233 - INFO - Finished calc_spline
2024-05-15 21:16:10,234 - INFO - Starting calc_spline
2024-05-15 21:16:10,252 - INFO - Finished calc_spline
2024-05-15 21:16:10,252 - INFO - Starting calc_spline
2024-05-15 21:16:10,270 - INFO - Finished calc_spline
2024-05-15 21:16:10,270 - INFO - Starting calc_spline
2024-05-15 21:16:10,288 - INFO - Finished calc_spline
2024-05-15 21:16:10,288 - INFO - Starting calc_spline
2024-05-15 21:16:10,306 - INFO - Finished calc_spline
2024-05-15 21:16:10,306 - INFO - Starting calc_spline
2024-05-15 21:16:10,323 - INFO - Finished calc_spline
2024-05-15 21:16:10,323 - INFO - Starting calc_spline
2024-05-15 21:16:10,342 - INFO - Finished calc_spline
2024-05-15 21:16:10,342 - INFO - Starting calc_spline
2024-05-15 21:16:10,359 - INFO - Finished calc_spline
2024-05-15 21:16:10,359 - INFO - Starting calc_spline
2024-05-15 21:16:10,376 - INFO - Finished calc_spline
2024-05-15 21:16:10,376 - INFO - Starting calc_spline
2024-05-15 21:16:10,394 - INFO - Finished calc_spline
2024-05-15 21:16:10,394 - INFO - Starting calc_spline
2024-05-15 21:16:10,412 - INFO - Finished calc_spline
2024-05-15 21:16:10,412 - INFO - Starting calc_spline
2024-05-15 21:16:10,428 - INFO - Finished calc_spline
2024-05-15 21:16:10,429 - INFO - Starting calc_spline
2024-05-15 21:16:10,445 - INFO - Finished calc_spline
2024-05-15 21:16:10,445 - INFO - Starting calc_spline
2024-05-15 21:16:10,461 - INFO - Finished calc_spline
2024-05-15 21:16:10,461 - INFO - Starting calc_spline
2024-05-15 21:16:10,477 - INFO - Finished calc_spline
2024-05-15 21:16:10,478 - INFO - Starting calc_spline
2024-05-15 21:16:10,494 - INFO - Finished calc_spline
2024-05-15 21:16:10,494 - INFO - Starting calc_spline
2024-05-15 21:16:10,511 - INFO - Finished calc_spline
2024-05-15 21:16:10,511 - INFO - Starting calc_spline
2024-05-15 21:16:10,527 - INFO - Finished calc_spline
2024-05-15 21:16:10,527 - INFO - Starting calc_spline
2024-05-15 21:16:10,544 - INFO - Finished calc_spline
2024-05-15 21:16:10,544 - INFO - Starting calc_spline
2024-05-15 21:16:10,560 - INFO - Finished calc_spline
2024-05-15 21:16:10,560 - INFO - Starting calc_spline
2024-05-15 21:16:10,576 - INFO - Finished calc_spline
2024-05-15 21:16:10,576 - INFO - Starting calc_spline
2024-05-15 21:16:10,592 - INFO - Finished calc_spline
2024-05-15 21:16:10,593 - INFO - Starting calc_spline
2024-05-15 21:16:10,609 - INFO - Finished calc_spline
2024-05-15 21:16:10,609 - INFO - Starting calc_spline
2024-05-15 21:16:10,626 - INFO - Finished calc_spline
2024-05-15 21:16:10,626 - INFO - Starting calc_spline
2024-05-15 21:16:10,642 - INFO - Finished calc_spline
2024-05-15 21:16:10,643 - INFO - Starting calc_spline
2024-05-15 21:16:10,659 - INFO - Finished calc_spline
2024-05-15 21:16:10,659 - INFO - Starting calc_spline
2024-05-15 21:16:10,675 - INFO - Finished calc_spline
2024-05-15 21:16:10,675 - INFO - Starting calc_spline
2024-05-15 21:16:10,692 - INFO - Finished calc_spline
2024-05-15 21:16:10,692 - INFO - Starting calc_spline
2024-05-15 21:16:10,709 - INFO - Finished calc_spline
2024-05-15 21:16:10,709 - INFO - Starting calc_spline
2024-05-15 21:16:10,726 - INFO - Finished calc_spline
2024-05-15 21:16:10,726 - INFO - Starting calc_spline
2024-05-15 21:16:10,742 - INFO - Finished calc_spline
2024-05-15 21:16:10,742 - INFO - Starting calc_spline
2024-05-15 21:16:10,759 - INFO - Finished calc_spline
2024-05-15 21:16:10,759 - INFO - Starting calc_spline
2024-05-15 21:16:10,775 - INFO - Finished calc_spline
2024-05-15 21:16:10,775 - INFO - Starting calc_spline
2024-05-15 21:16:10,791 - INFO - Finished calc_spline
2024-05-15 21:16:10,791 - INFO - Starting calc_spline
2024-05-15 21:16:10,809 - INFO - Finished calc_spline
2024-05-15 21:16:10,809 - INFO - Starting calc_spline
2024-05-15 21:16:10,825 - INFO - Finished calc_spline
2024-05-15 21:16:10,825 - INFO - Starting calc_spline
2024-05-15 21:16:10,842 - INFO - Finished calc_spline
2024-05-15 21:16:10,842 - INFO - Starting calc_spline
2024-05-15 21:16:10,858 - INFO - Finished calc_spline
2024-05-15 21:16:10,859 - INFO - Starting calc_spline
2024-05-15 21:16:10,876 - INFO - Finished calc_spline
2024-05-15 21:16:10,876 - INFO - Starting calc_spline
2024-05-15 21:16:10,893 - INFO - Finished calc_spline
2024-05-15 21:16:10,893 - INFO - Starting calc_spline
2024-05-15 21:16:10,910 - INFO - Finished calc_spline
2024-05-15 21:16:10,910 - INFO - Starting calc_spline
2024-05-15 21:16:10,927 - INFO - Finished calc_spline
2024-05-15 21:16:10,927 - INFO - Starting calc_spline
2024-05-15 21:16:10,943 - INFO - Finished calc_spline
2024-05-15 21:16:10,943 - INFO - Starting calc_spline
2024-05-15 21:16:10,960 - INFO - Finished calc_spline
2024-05-15 21:16:10,960 - INFO - Starting calc_spline
2024-05-15 21:16:10,976 - INFO - Finished calc_spline
2024-05-15 21:16:10,976 - INFO - Starting calc_spline
2024-05-15 21:16:10,993 - INFO - Finished calc_spline
2024-05-15 21:16:10,993 - INFO - Starting calc_spline
2024-05-15 21:16:11,010 - INFO - Finished calc_spline
2024-05-15 21:16:11,010 - INFO - Starting calc_spline
2024-05-15 21:16:11,027 - INFO - Finished calc_spline
2024-05-15 21:16:11,027 - INFO - Starting calc_spline
2024-05-15 21:16:11,043 - INFO - Finished calc_spline
2024-05-15 21:16:11,043 - INFO - Starting calc_spline
2024-05-15 21:16:11,059 - INFO - Finished calc_spline
2024-05-15 21:16:11,059 - INFO - Starting calc_spline
2024-05-15 21:16:11,076 - INFO - Finished calc_spline
2024-05-15 21:16:11,076 - INFO - Starting calc_spline
2024-05-15 21:16:11,092 - INFO - Finished calc_spline
2024-05-15 21:16:11,092 - INFO - Starting calc_spline
2024-05-15 21:16:11,109 - INFO - Finished calc_spline
2024-05-15 21:16:11,109 - INFO - Starting calc_spline
2024-05-15 21:16:11,125 - INFO - Finished calc_spline
2024-05-15 21:16:11,125 - INFO - Starting calc_spline
2024-05-15 21:16:11,142 - INFO - Finished calc_spline
2024-05-15 21:16:11,142 - INFO - Starting calc_spline
2024-05-15 21:16:11,158 - INFO - Finished calc_spline
2024-05-15 21:16:11,158 - INFO - Starting calc_spline
2024-05-15 21:16:11,175 - INFO - Finished calc_spline
2024-05-15 21:16:11,175 - INFO - Starting calc_spline
2024-05-15 21:16:11,192 - INFO - Finished calc_spline
2024-05-15 21:16:11,193 - INFO - Starting calc_spline
2024-05-15 21:16:11,209 - INFO - Finished calc_spline
2024-05-15 21:16:11,210 - INFO - Finished run_linear
2024-05-15 21:19:29,432 - INFO - Starting load_data
2024-05-15 21:19:29,443 - INFO - Finished load_data
2024-05-15 21:19:31,517 - INFO - Starting run_one_time
2024-05-15 21:19:31,517 - INFO - Starting calc_spline
2024-05-15 21:19:31,552 - INFO - Finished calc_spline
2024-05-15 21:19:31,552 - INFO - Finished run_one_time
