2024-05-15 21:47:50,847 - INFO - Initializing CubicForwardSpline
2024-05-15 21:47:50,848 - INFO - Finished initializing CubicForwardSpline
2024-05-15 21:47:59,471 - INFO - Starting load_data
2024-05-15 21:47:59,492 - INFO - Finished load_data
2024-05-15 21:48:04,016 - INFO - Starting run_one_time
2024-05-15 21:48:04,017 - INFO - Starting calc_spline
2024-05-15 21:48:04,055 - INFO - Finished calc_spline
2024-05-15 21:48:04,056 - INFO - Finished run_one_time
2024-05-15 21:48:06,679 - INFO - Starting run_linear
2024-05-15 21:48:06,681 - INFO - Starting calc_spline
2024-05-15 21:48:06,713 - INFO - Finished calc_spline
2024-05-15 21:48:06,714 - INFO - Starting calc_spline
2024-05-15 21:48:06,737 - INFO - Finished calc_spline
2024-05-15 21:48:06,737 - INFO - Starting calc_spline
2024-05-15 21:48:06,756 - INFO - Finished calc_spline
2024-05-15 21:48:06,756 - INFO - Starting calc_spline
2024-05-15 21:48:06,774 - INFO - Finished calc_spline
2024-05-15 21:48:06,775 - INFO - Starting calc_spline
2024-05-15 21:48:06,826 - INFO - Finished calc_spline
2024-05-15 21:48:06,826 - INFO - Starting calc_spline
2024-05-15 21:48:06,844 - INFO - Finished calc_spline
2024-05-15 21:48:06,844 - INFO - Starting calc_spline
2024-05-15 21:48:06,862 - INFO - Finished calc_spline
2024-05-15 21:48:06,862 - INFO - Starting calc_spline
2024-05-15 21:48:06,880 - INFO - Finished calc_spline
2024-05-15 21:48:06,880 - INFO - Starting calc_spline
2024-05-15 21:48:06,898 - INFO - Finished calc_spline
2024-05-15 21:48:06,898 - INFO - Starting calc_spline
2024-05-15 21:48:06,916 - INFO - Finished calc_spline
2024-05-15 21:48:06,916 - INFO - Starting calc_spline
2024-05-15 21:48:06,933 - INFO - Finished calc_spline
2024-05-15 21:48:06,933 - INFO - Starting calc_spline
2024-05-15 21:48:06,951 - INFO - Finished calc_spline
2024-05-15 21:48:06,951 - INFO - Starting calc_spline
2024-05-15 21:48:06,968 - INFO - Finished calc_spline
2024-05-15 21:48:06,968 - INFO - Starting calc_spline
2024-05-15 21:48:06,985 - INFO - Finished calc_spline
2024-05-15 21:48:06,986 - INFO - Starting calc_spline
2024-05-15 21:48:07,002 - INFO - Finished calc_spline
2024-05-15 21:48:07,003 - INFO - Starting calc_spline
2024-05-15 21:48:07,019 - INFO - Finished calc_spline
2024-05-15 21:48:07,020 - INFO - Starting calc_spline
2024-05-15 21:48:07,036 - INFO - Finished calc_spline
2024-05-15 21:48:07,036 - INFO - Starting calc_spline
2024-05-15 21:48:07,053 - INFO - Finished calc_spline
2024-05-15 21:48:07,053 - INFO - Starting calc_spline
2024-05-15 21:48:07,070 - INFO - Finished calc_spline
2024-05-15 21:48:07,070 - INFO - Starting calc_spline
2024-05-15 21:48:07,086 - INFO - Finished calc_spline
2024-05-15 21:48:07,087 - INFO - Starting calc_spline
2024-05-15 21:48:07,103 - INFO - Finished calc_spline
2024-05-15 21:48:07,103 - INFO - Starting calc_spline
2024-05-15 21:48:07,119 - INFO - Finished calc_spline
2024-05-15 21:48:07,120 - INFO - Starting calc_spline
2024-05-15 21:48:07,136 - INFO - Finished calc_spline
2024-05-15 21:48:07,136 - INFO - Starting calc_spline
2024-05-15 21:48:07,153 - INFO - Finished calc_spline
2024-05-15 21:48:07,153 - INFO - Starting calc_spline
2024-05-15 21:48:07,170 - INFO - Finished calc_spline
2024-05-15 21:48:07,170 - INFO - Starting calc_spline
2024-05-15 21:48:07,186 - INFO - Finished calc_spline
2024-05-15 21:48:07,186 - INFO - Starting calc_spline
2024-05-15 21:48:07,203 - INFO - Finished calc_spline
2024-05-15 21:48:07,203 - INFO - Starting calc_spline
2024-05-15 21:48:07,219 - INFO - Finished calc_spline
2024-05-15 21:48:07,219 - INFO - Starting calc_spline
2024-05-15 21:48:07,235 - INFO - Finished calc_spline
2024-05-15 21:48:07,236 - INFO - Starting calc_spline
2024-05-15 21:48:07,253 - INFO - Finished calc_spline
2024-05-15 21:48:07,253 - INFO - Starting calc_spline
2024-05-15 21:48:07,270 - INFO - Finished calc_spline
2024-05-15 21:48:07,270 - INFO - Starting calc_spline
2024-05-15 21:48:07,287 - INFO - Finished calc_spline
2024-05-15 21:48:07,287 - INFO - Starting calc_spline
2024-05-15 21:48:07,304 - INFO - Finished calc_spline
2024-05-15 21:48:07,304 - INFO - Starting calc_spline
2024-05-15 21:48:07,320 - INFO - Finished calc_spline
2024-05-15 21:48:07,320 - INFO - Starting calc_spline
2024-05-15 21:48:07,337 - INFO - Finished calc_spline
2024-05-15 21:48:07,337 - INFO - Starting calc_spline
2024-05-15 21:48:07,354 - INFO - Finished calc_spline
2024-05-15 21:48:07,354 - INFO - Starting calc_spline
2024-05-15 21:48:07,370 - INFO - Finished calc_spline
2024-05-15 21:48:07,370 - INFO - Starting calc_spline
2024-05-15 21:48:07,387 - INFO - Finished calc_spline
2024-05-15 21:48:07,387 - INFO - Starting calc_spline
2024-05-15 21:48:07,403 - INFO - Finished calc_spline
2024-05-15 21:48:07,403 - INFO - Starting calc_spline
2024-05-15 21:48:07,420 - INFO - Finished calc_spline
2024-05-15 21:48:07,420 - INFO - Starting calc_spline
2024-05-15 21:48:07,436 - INFO - Finished calc_spline
2024-05-15 21:48:07,436 - INFO - Starting calc_spline
2024-05-15 21:48:07,453 - INFO - Finished calc_spline
2024-05-15 21:48:07,453 - INFO - Starting calc_spline
2024-05-15 21:48:07,470 - INFO - Finished calc_spline
2024-05-15 21:48:07,470 - INFO - Starting calc_spline
2024-05-15 21:48:07,486 - INFO - Finished calc_spline
2024-05-15 21:48:07,486 - INFO - Starting calc_spline
2024-05-15 21:48:07,503 - INFO - Finished calc_spline
2024-05-15 21:48:07,503 - INFO - Starting calc_spline
2024-05-15 21:48:07,519 - INFO - Finished calc_spline
2024-05-15 21:48:07,519 - INFO - Starting calc_spline
2024-05-15 21:48:07,536 - INFO - Finished calc_spline
2024-05-15 21:48:07,536 - INFO - Starting calc_spline
2024-05-15 21:48:07,552 - INFO - Finished calc_spline
2024-05-15 21:48:07,553 - INFO - Starting calc_spline
2024-05-15 21:48:07,569 - INFO - Finished calc_spline
2024-05-15 21:48:07,569 - INFO - Starting calc_spline
2024-05-15 21:48:07,585 - INFO - Finished calc_spline
2024-05-15 21:48:07,585 - INFO - Starting calc_spline
2024-05-15 21:48:07,602 - INFO - Finished calc_spline
2024-05-15 21:48:07,602 - INFO - Starting calc_spline
2024-05-15 21:48:07,618 - INFO - Finished calc_spline
2024-05-15 21:48:07,618 - INFO - Starting calc_spline
2024-05-15 21:48:07,635 - INFO - Finished calc_spline
2024-05-15 21:48:07,635 - INFO - Starting calc_spline
2024-05-15 21:48:07,652 - INFO - Finished calc_spline
2024-05-15 21:48:07,652 - INFO - Starting calc_spline
2024-05-15 21:48:07,669 - INFO - Finished calc_spline
2024-05-15 21:48:07,669 - INFO - Starting calc_spline
2024-05-15 21:48:07,685 - INFO - Finished calc_spline
2024-05-15 21:48:07,685 - INFO - Starting calc_spline
2024-05-15 21:48:07,701 - INFO - Finished calc_spline
2024-05-15 21:48:07,701 - INFO - Starting calc_spline
2024-05-15 21:48:07,718 - INFO - Finished calc_spline
2024-05-15 21:48:07,718 - INFO - Starting calc_spline
2024-05-15 21:48:07,734 - INFO - Finished calc_spline
2024-05-15 21:48:07,734 - INFO - Starting calc_spline
2024-05-15 21:48:07,751 - INFO - Finished calc_spline
2024-05-15 21:48:07,751 - INFO - Starting calc_spline
2024-05-15 21:48:07,767 - INFO - Finished calc_spline
2024-05-15 21:48:07,768 - INFO - Finished run_linear
