2024-05-15 21:34:51,761 - INFO - Initializing CubicForwardSpline
2024-05-15 21:34:51,762 - INFO - Finished initializing CubicForwardSpline
2024-05-15 21:34:53,430 - INFO - Starting load_data
2024-05-15 21:34:53,463 - INFO - Finished load_data
2024-05-15 21:34:59,557 - INFO - Starting run_one_time
2024-05-15 21:34:59,557 - INFO - Starting calc_spline
2024-05-15 21:34:59,596 - INFO - Finished calc_spline
2024-05-15 21:34:59,596 - INFO - Finished run_one_time
2024-05-15 21:35:02,105 - INFO - Starting run_linear
2024-05-15 21:35:02,106 - INFO - Starting calc_spline
2024-05-15 21:35:02,143 - INFO - Finished calc_spline
2024-05-15 21:35:02,143 - INFO - Starting calc_spline
2024-05-15 21:35:02,163 - INFO - Finished calc_spline
2024-05-15 21:35:02,163 - INFO - Starting calc_spline
2024-05-15 21:35:02,183 - INFO - Finished calc_spline
2024-05-15 21:35:02,183 - INFO - Starting calc_spline
2024-05-15 21:35:02,201 - INFO - Finished calc_spline
2024-05-15 21:35:02,202 - INFO - Starting calc_spline
2024-05-15 21:35:02,251 - INFO - Finished calc_spline
2024-05-15 21:35:02,251 - INFO - Starting calc_spline
2024-05-15 21:35:02,268 - INFO - Finished calc_spline
2024-05-15 21:35:02,268 - INFO - Starting calc_spline
2024-05-15 21:35:02,285 - INFO - Finished calc_spline
2024-05-15 21:35:02,285 - INFO - Starting calc_spline
2024-05-15 21:35:02,302 - INFO - Finished calc_spline
2024-05-15 21:35:02,302 - INFO - Starting calc_spline
2024-05-15 21:35:02,320 - INFO - Finished calc_spline
2024-05-15 21:35:02,320 - INFO - Starting calc_spline
2024-05-15 21:35:02,338 - INFO - Finished calc_spline
2024-05-15 21:35:02,338 - INFO - Starting calc_spline
2024-05-15 21:35:02,355 - INFO - Finished calc_spline
2024-05-15 21:35:02,355 - INFO - Starting calc_spline
2024-05-15 21:35:02,372 - INFO - Finished calc_spline
2024-05-15 21:35:02,372 - INFO - Starting calc_spline
2024-05-15 21:35:02,388 - INFO - Finished calc_spline
2024-05-15 21:35:02,389 - INFO - Starting calc_spline
2024-05-15 21:35:02,405 - INFO - Finished calc_spline
2024-05-15 21:35:02,406 - INFO - Starting calc_spline
2024-05-15 21:35:02,424 - INFO - Finished calc_spline
2024-05-15 21:35:02,424 - INFO - Starting calc_spline
2024-05-15 21:35:02,441 - INFO - Finished calc_spline
2024-05-15 21:35:02,441 - INFO - Starting calc_spline
2024-05-15 21:35:02,459 - INFO - Finished calc_spline
2024-05-15 21:35:02,459 - INFO - Starting calc_spline
2024-05-15 21:35:02,476 - INFO - Finished calc_spline
2024-05-15 21:35:02,476 - INFO - Starting calc_spline
2024-05-15 21:35:02,492 - INFO - Finished calc_spline
2024-05-15 21:35:02,492 - INFO - Starting calc_spline
2024-05-15 21:35:02,509 - INFO - Finished calc_spline
2024-05-15 21:35:02,509 - INFO - Starting calc_spline
2024-05-15 21:35:02,525 - INFO - Finished calc_spline
2024-05-15 21:35:02,525 - INFO - Starting calc_spline
2024-05-15 21:35:02,542 - INFO - Finished calc_spline
2024-05-15 21:35:02,542 - INFO - Starting calc_spline
2024-05-15 21:35:02,559 - INFO - Finished calc_spline
2024-05-15 21:35:02,559 - INFO - Starting calc_spline
2024-05-15 21:35:02,576 - INFO - Finished calc_spline
2024-05-15 21:35:02,576 - INFO - Starting calc_spline
2024-05-15 21:35:02,592 - INFO - Finished calc_spline
2024-05-15 21:35:02,592 - INFO - Starting calc_spline
2024-05-15 21:35:02,609 - INFO - Finished calc_spline
2024-05-15 21:35:02,609 - INFO - Starting calc_spline
2024-05-15 21:35:02,625 - INFO - Finished calc_spline
2024-05-15 21:35:02,625 - INFO - Starting calc_spline
2024-05-15 21:35:02,642 - INFO - Finished calc_spline
2024-05-15 21:35:02,642 - INFO - Starting calc_spline
2024-05-15 21:35:02,659 - INFO - Finished calc_spline
2024-05-15 21:35:02,659 - INFO - Starting calc_spline
2024-05-15 21:35:02,675 - INFO - Finished calc_spline
2024-05-15 21:35:02,676 - INFO - Starting calc_spline
2024-05-15 21:35:02,692 - INFO - Finished calc_spline
2024-05-15 21:35:02,692 - INFO - Starting calc_spline
2024-05-15 21:35:02,708 - INFO - Finished calc_spline
2024-05-15 21:35:02,708 - INFO - Starting calc_spline
2024-05-15 21:35:02,725 - INFO - Finished calc_spline
2024-05-15 21:35:02,725 - INFO - Starting calc_spline
2024-05-15 21:35:02,741 - INFO - Finished calc_spline
2024-05-15 21:35:02,741 - INFO - Starting calc_spline
2024-05-15 21:35:02,758 - INFO - Finished calc_spline
2024-05-15 21:35:02,758 - INFO - Starting calc_spline
2024-05-15 21:35:02,775 - INFO - Finished calc_spline
2024-05-15 21:35:02,775 - INFO - Starting calc_spline
2024-05-15 21:35:02,791 - INFO - Finished calc_spline
2024-05-15 21:35:02,791 - INFO - Starting calc_spline
2024-05-15 21:35:02,807 - INFO - Finished calc_spline
2024-05-15 21:35:02,807 - INFO - Starting calc_spline
2024-05-15 21:35:02,824 - INFO - Finished calc_spline
2024-05-15 21:35:02,824 - INFO - Starting calc_spline
2024-05-15 21:35:02,840 - INFO - Finished calc_spline
2024-05-15 21:35:02,840 - INFO - Starting calc_spline
2024-05-15 21:35:02,857 - INFO - Finished calc_spline
2024-05-15 21:35:02,857 - INFO - Starting calc_spline
2024-05-15 21:35:02,874 - INFO - Finished calc_spline
2024-05-15 21:35:02,874 - INFO - Starting calc_spline
2024-05-15 21:35:02,890 - INFO - Finished calc_spline
2024-05-15 21:35:02,890 - INFO - Starting calc_spline
2024-05-15 21:35:02,907 - INFO - Finished calc_spline
2024-05-15 21:35:02,907 - INFO - Starting calc_spline
2024-05-15 21:35:02,923 - INFO - Finished calc_spline
2024-05-15 21:35:02,923 - INFO - Starting calc_spline
2024-05-15 21:35:02,940 - INFO - Finished calc_spline
2024-05-15 21:35:02,940 - INFO - Starting calc_spline
2024-05-15 21:35:02,957 - INFO - Finished calc_spline
2024-05-15 21:35:02,957 - INFO - Starting calc_spline
2024-05-15 21:35:02,973 - INFO - Finished calc_spline
2024-05-15 21:35:02,973 - INFO - Starting calc_spline
2024-05-15 21:35:02,990 - INFO - Finished calc_spline
2024-05-15 21:35:02,990 - INFO - Starting calc_spline
2024-05-15 21:35:03,006 - INFO - Finished calc_spline
2024-05-15 21:35:03,006 - INFO - Starting calc_spline
2024-05-15 21:35:03,023 - INFO - Finished calc_spline
2024-05-15 21:35:03,023 - INFO - Starting calc_spline
2024-05-15 21:35:03,039 - INFO - Finished calc_spline
2024-05-15 21:35:03,039 - INFO - Starting calc_spline
2024-05-15 21:35:03,056 - INFO - Finished calc_spline
2024-05-15 21:35:03,056 - INFO - Starting calc_spline
2024-05-15 21:35:03,073 - INFO - Finished calc_spline
2024-05-15 21:35:03,073 - INFO - Starting calc_spline
2024-05-15 21:35:03,089 - INFO - Finished calc_spline
2024-05-15 21:35:03,089 - INFO - Starting calc_spline
2024-05-15 21:35:03,105 - INFO - Finished calc_spline
2024-05-15 21:35:03,105 - INFO - Starting calc_spline
2024-05-15 21:35:03,122 - INFO - Finished calc_spline
2024-05-15 21:35:03,122 - INFO - Starting calc_spline
2024-05-15 21:35:03,138 - INFO - Finished calc_spline
2024-05-15 21:35:03,138 - INFO - Starting calc_spline
2024-05-15 21:35:03,155 - INFO - Finished calc_spline
2024-05-15 21:35:03,155 - INFO - Starting calc_spline
2024-05-15 21:35:03,171 - INFO - Finished calc_spline
2024-05-15 21:35:03,172 - INFO - Starting calc_spline
2024-05-15 21:35:03,188 - INFO - Finished calc_spline
2024-05-15 21:35:03,188 - INFO - Finished run_linear
2024-05-15 21:35:29,510 - INFO - Starting run_cubic_spline
2024-05-15 21:35:29,512 - INFO - Starting calc_spline
2024-05-15 21:35:29,546 - INFO - Finished calc_spline
2024-05-15 21:35:29,546 - INFO - Starting calc_spline
2024-05-15 21:35:29,566 - INFO - Finished calc_spline
2024-05-15 21:35:29,566 - INFO - Starting calc_spline
2024-05-15 21:35:29,584 - INFO - Finished calc_spline
2024-05-15 21:35:29,584 - INFO - Starting calc_spline
2024-05-15 21:35:29,600 - INFO - Finished calc_spline
2024-05-15 21:35:29,600 - INFO - Starting calc_spline
2024-05-15 21:35:29,617 - INFO - Finished calc_spline
2024-05-15 21:35:29,617 - INFO - Starting calc_spline
2024-05-15 21:35:29,634 - INFO - Finished calc_spline
2024-05-15 21:35:29,634 - INFO - Starting calc_spline
2024-05-15 21:35:29,650 - INFO - Finished calc_spline
2024-05-15 21:35:29,650 - INFO - Starting calc_spline
2024-05-15 21:35:29,667 - INFO - Finished calc_spline
2024-05-15 21:35:29,667 - INFO - Starting calc_spline
2024-05-15 21:35:29,683 - INFO - Finished calc_spline
2024-05-15 21:35:29,683 - INFO - Starting calc_spline
2024-05-15 21:35:29,699 - INFO - Finished calc_spline
2024-05-15 21:35:29,699 - INFO - Starting calc_spline
2024-05-15 21:35:29,715 - INFO - Finished calc_spline
2024-05-15 21:35:29,716 - INFO - Starting calc_spline
2024-05-15 21:35:29,731 - INFO - Finished calc_spline
2024-05-15 21:35:29,731 - INFO - Starting calc_spline
2024-05-15 21:35:29,748 - INFO - Finished calc_spline
2024-05-15 21:35:29,748 - INFO - Starting calc_spline
2024-05-15 21:35:29,764 - INFO - Finished calc_spline
2024-05-15 21:35:29,764 - INFO - Starting calc_spline
2024-05-15 21:35:29,781 - INFO - Finished calc_spline
2024-05-15 21:35:29,781 - INFO - Starting calc_spline
2024-05-15 21:35:29,796 - INFO - Finished calc_spline
2024-05-15 21:35:29,797 - INFO - Starting calc_spline
2024-05-15 21:35:29,812 - INFO - Finished calc_spline
2024-05-15 21:35:29,812 - INFO - Starting calc_spline
2024-05-15 21:35:29,828 - INFO - Finished calc_spline
2024-05-15 21:35:29,828 - INFO - Starting calc_spline
2024-05-15 21:35:29,844 - INFO - Finished calc_spline
2024-05-15 21:35:29,844 - INFO - Starting calc_spline
2024-05-15 21:35:29,860 - INFO - Finished calc_spline
2024-05-15 21:35:29,861 - INFO - Starting calc_spline
2024-05-15 21:35:29,876 - INFO - Finished calc_spline
2024-05-15 21:35:29,876 - INFO - Starting calc_spline
2024-05-15 21:35:29,892 - INFO - Finished calc_spline
2024-05-15 21:35:29,892 - INFO - Starting calc_spline
2024-05-15 21:35:29,908 - INFO - Finished calc_spline
2024-05-15 21:35:29,908 - INFO - Starting calc_spline
2024-05-15 21:35:29,924 - INFO - Finished calc_spline
2024-05-15 21:35:29,924 - INFO - Starting calc_spline
2024-05-15 21:35:29,939 - INFO - Finished calc_spline
2024-05-15 21:35:29,939 - INFO - Starting calc_spline
2024-05-15 21:35:29,955 - INFO - Finished calc_spline
2024-05-15 21:35:29,955 - INFO - Starting calc_spline
2024-05-15 21:35:29,971 - INFO - Finished calc_spline
2024-05-15 21:35:29,971 - INFO - Starting calc_spline
2024-05-15 21:35:29,987 - INFO - Finished calc_spline
2024-05-15 21:35:29,987 - INFO - Starting calc_spline
2024-05-15 21:35:30,002 - INFO - Finished calc_spline
2024-05-15 21:35:30,003 - INFO - Starting calc_spline
2024-05-15 21:35:30,018 - INFO - Finished calc_spline
2024-05-15 21:35:30,018 - INFO - Starting calc_spline
2024-05-15 21:35:30,034 - INFO - Finished calc_spline
2024-05-15 21:35:30,034 - INFO - Starting calc_spline
2024-05-15 21:35:30,050 - INFO - Finished calc_spline
2024-05-15 21:35:30,050 - INFO - Starting calc_spline
2024-05-15 21:35:30,066 - INFO - Finished calc_spline
2024-05-15 21:35:30,066 - INFO - Starting calc_spline
2024-05-15 21:35:30,082 - INFO - Finished calc_spline
2024-05-15 21:35:30,082 - INFO - Starting calc_spline
2024-05-15 21:35:30,098 - INFO - Finished calc_spline
2024-05-15 21:35:30,098 - INFO - Starting calc_spline
2024-05-15 21:35:30,114 - INFO - Finished calc_spline
2024-05-15 21:35:30,114 - INFO - Starting calc_spline
2024-05-15 21:35:30,130 - INFO - Finished calc_spline
2024-05-15 21:35:30,130 - INFO - Starting calc_spline
2024-05-15 21:35:30,145 - INFO - Finished calc_spline
2024-05-15 21:35:30,145 - INFO - Starting calc_spline
2024-05-15 21:35:30,162 - INFO - Finished calc_spline
2024-05-15 21:35:30,162 - INFO - Starting calc_spline
2024-05-15 21:35:30,178 - INFO - Finished calc_spline
2024-05-15 21:35:30,178 - INFO - Starting calc_spline
2024-05-15 21:35:30,193 - INFO - Finished calc_spline
2024-05-15 21:35:30,193 - INFO - Starting calc_spline
2024-05-15 21:35:30,209 - INFO - Finished calc_spline
2024-05-15 21:35:30,209 - INFO - Starting calc_spline
2024-05-15 21:35:30,225 - INFO - Finished calc_spline
2024-05-15 21:35:30,225 - INFO - Starting calc_spline
2024-05-15 21:35:30,240 - INFO - Finished calc_spline
2024-05-15 21:35:30,240 - INFO - Starting calc_spline
2024-05-15 21:35:30,256 - INFO - Finished calc_spline
2024-05-15 21:35:30,256 - INFO - Starting calc_spline
2024-05-15 21:35:30,272 - INFO - Finished calc_spline
2024-05-15 21:35:30,272 - INFO - Starting calc_spline
2024-05-15 21:35:30,288 - INFO - Finished calc_spline
2024-05-15 21:35:30,288 - INFO - Starting calc_spline
2024-05-15 21:35:30,304 - INFO - Finished calc_spline
2024-05-15 21:35:30,304 - INFO - Starting calc_spline
2024-05-15 21:35:30,319 - INFO - Finished calc_spline
2024-05-15 21:35:30,320 - INFO - Starting calc_spline
2024-05-15 21:35:30,335 - INFO - Finished calc_spline
2024-05-15 21:35:30,335 - INFO - Starting calc_spline
2024-05-15 21:35:30,351 - INFO - Finished calc_spline
2024-05-15 21:35:30,351 - INFO - Starting calc_spline
2024-05-15 21:35:30,367 - INFO - Finished calc_spline
2024-05-15 21:35:30,367 - INFO - Starting calc_spline
2024-05-15 21:35:30,383 - INFO - Finished calc_spline
2024-05-15 21:35:30,383 - INFO - Starting calc_spline
2024-05-15 21:35:30,399 - INFO - Finished calc_spline
2024-05-15 21:35:30,399 - INFO - Starting calc_spline
2024-05-15 21:35:30,415 - INFO - Finished calc_spline
2024-05-15 21:35:30,415 - INFO - Starting calc_spline
2024-05-15 21:35:30,432 - INFO - Finished calc_spline
2024-05-15 21:35:30,433 - INFO - Starting calc_spline
2024-05-15 21:35:30,448 - INFO - Finished calc_spline
2024-05-15 21:35:30,448 - INFO - Starting calc_spline
2024-05-15 21:35:30,464 - INFO - Finished calc_spline
2024-05-15 21:35:30,464 - INFO - Starting calc_spline
2024-05-15 21:35:30,481 - INFO - Finished calc_spline
2024-05-15 21:35:30,481 - INFO - Starting calc_spline
2024-05-15 21:35:30,497 - INFO - Finished calc_spline
2024-05-15 21:35:30,497 - INFO - Starting calc_spline
2024-05-15 21:35:30,512 - INFO - Finished calc_spline
2024-05-15 21:35:30,513 - INFO - Finished run_cubic_spline
2024-05-15 21:41:46,028 - INFO - Starting run_linear
2024-05-15 21:41:46,028 - INFO - Starting calc_spline
2024-05-15 21:41:46,057 - INFO - Finished calc_spline
2024-05-15 21:41:46,058 - INFO - Starting calc_spline
2024-05-15 21:41:46,077 - INFO - Finished calc_spline
2024-05-15 21:41:46,077 - INFO - Starting calc_spline
2024-05-15 21:41:46,095 - INFO - Finished calc_spline
2024-05-15 21:41:46,096 - INFO - Starting calc_spline
2024-05-15 21:41:46,114 - INFO - Finished calc_spline
2024-05-15 21:41:46,114 - INFO - Starting calc_spline
2024-05-15 21:41:46,131 - INFO - Finished calc_spline
2024-05-15 21:41:46,132 - INFO - Starting calc_spline
2024-05-15 21:41:46,150 - INFO - Finished calc_spline
2024-05-15 21:41:46,150 - INFO - Starting calc_spline
2024-05-15 21:41:46,168 - INFO - Finished calc_spline
2024-05-15 21:41:46,168 - INFO - Starting calc_spline
2024-05-15 21:41:46,186 - INFO - Finished calc_spline
2024-05-15 21:41:46,186 - INFO - Starting calc_spline
2024-05-15 21:41:46,204 - INFO - Finished calc_spline
2024-05-15 21:41:46,204 - INFO - Starting calc_spline
2024-05-15 21:41:46,221 - INFO - Finished calc_spline
2024-05-15 21:41:46,221 - INFO - Starting calc_spline
2024-05-15 21:41:46,239 - INFO - Finished calc_spline
2024-05-15 21:41:46,239 - INFO - Starting calc_spline
2024-05-15 21:41:46,256 - INFO - Finished calc_spline
2024-05-15 21:41:46,256 - INFO - Starting calc_spline
2024-05-15 21:41:46,274 - INFO - Finished calc_spline
2024-05-15 21:41:46,274 - INFO - Starting calc_spline
2024-05-15 21:41:46,290 - INFO - Finished calc_spline
2024-05-15 21:41:46,290 - INFO - Starting calc_spline
2024-05-15 21:41:46,307 - INFO - Finished calc_spline
2024-05-15 21:41:46,307 - INFO - Starting calc_spline
2024-05-15 21:41:46,323 - INFO - Finished calc_spline
2024-05-15 21:41:46,323 - INFO - Starting calc_spline
2024-05-15 21:41:46,339 - INFO - Finished calc_spline
2024-05-15 21:41:46,339 - INFO - Starting calc_spline
2024-05-15 21:41:46,356 - INFO - Finished calc_spline
2024-05-15 21:41:46,356 - INFO - Starting calc_spline
2024-05-15 21:41:46,373 - INFO - Finished calc_spline
2024-05-15 21:41:46,373 - INFO - Starting calc_spline
2024-05-15 21:41:46,389 - INFO - Finished calc_spline
2024-05-15 21:41:46,389 - INFO - Starting calc_spline
2024-05-15 21:41:46,406 - INFO - Finished calc_spline
2024-05-15 21:41:46,406 - INFO - Starting calc_spline
2024-05-15 21:41:46,422 - INFO - Finished calc_spline
2024-05-15 21:41:46,422 - INFO - Starting calc_spline
2024-05-15 21:41:46,438 - INFO - Finished calc_spline
2024-05-15 21:41:46,438 - INFO - Starting calc_spline
2024-05-15 21:41:46,455 - INFO - Finished calc_spline
2024-05-15 21:41:46,455 - INFO - Starting calc_spline
2024-05-15 21:41:46,471 - INFO - Finished calc_spline
2024-05-15 21:41:46,471 - INFO - Starting calc_spline
2024-05-15 21:41:46,488 - INFO - Finished calc_spline
2024-05-15 21:41:46,488 - INFO - Starting calc_spline
2024-05-15 21:41:46,504 - INFO - Finished calc_spline
2024-05-15 21:41:46,504 - INFO - Starting calc_spline
2024-05-15 21:41:46,520 - INFO - Finished calc_spline
2024-05-15 21:41:46,520 - INFO - Starting calc_spline
2024-05-15 21:41:46,536 - INFO - Finished calc_spline
2024-05-15 21:41:46,536 - INFO - Starting calc_spline
2024-05-15 21:41:46,553 - INFO - Finished calc_spline
2024-05-15 21:41:46,553 - INFO - Starting calc_spline
2024-05-15 21:41:46,570 - INFO - Finished calc_spline
2024-05-15 21:41:46,570 - INFO - Starting calc_spline
2024-05-15 21:41:46,586 - INFO - Finished calc_spline
2024-05-15 21:41:46,586 - INFO - Starting calc_spline
2024-05-15 21:41:46,602 - INFO - Finished calc_spline
2024-05-15 21:41:46,603 - INFO - Starting calc_spline
2024-05-15 21:41:46,619 - INFO - Finished calc_spline
2024-05-15 21:41:46,619 - INFO - Starting calc_spline
2024-05-15 21:41:46,635 - INFO - Finished calc_spline
2024-05-15 21:41:46,635 - INFO - Starting calc_spline
2024-05-15 21:41:46,651 - INFO - Finished calc_spline
2024-05-15 21:41:46,651 - INFO - Starting calc_spline
2024-05-15 21:41:46,668 - INFO - Finished calc_spline
2024-05-15 21:41:46,668 - INFO - Starting calc_spline
2024-05-15 21:41:46,685 - INFO - Finished calc_spline
2024-05-15 21:41:46,685 - INFO - Starting calc_spline
2024-05-15 21:41:46,701 - INFO - Finished calc_spline
2024-05-15 21:41:46,701 - INFO - Starting calc_spline
2024-05-15 21:41:46,717 - INFO - Finished calc_spline
2024-05-15 21:41:46,717 - INFO - Starting calc_spline
2024-05-15 21:41:46,734 - INFO - Finished calc_spline
2024-05-15 21:41:46,734 - INFO - Starting calc_spline
2024-05-15 21:41:46,750 - INFO - Finished calc_spline
2024-05-15 21:41:46,750 - INFO - Starting calc_spline
2024-05-15 21:41:46,766 - INFO - Finished calc_spline
2024-05-15 21:41:46,767 - INFO - Starting calc_spline
2024-05-15 21:41:46,783 - INFO - Finished calc_spline
2024-05-15 21:41:46,783 - INFO - Starting calc_spline
2024-05-15 21:41:46,801 - INFO - Finished calc_spline
2024-05-15 21:41:46,801 - INFO - Starting calc_spline
2024-05-15 21:41:46,817 - INFO - Finished calc_spline
2024-05-15 21:41:46,818 - INFO - Starting calc_spline
2024-05-15 21:41:46,834 - INFO - Finished calc_spline
2024-05-15 21:41:46,834 - INFO - Starting calc_spline
2024-05-15 21:41:46,850 - INFO - Finished calc_spline
2024-05-15 21:41:46,850 - INFO - Starting calc_spline
2024-05-15 21:41:46,867 - INFO - Finished calc_spline
2024-05-15 21:41:46,867 - INFO - Starting calc_spline
2024-05-15 21:41:46,883 - INFO - Finished calc_spline
2024-05-15 21:41:46,884 - INFO - Starting calc_spline
2024-05-15 21:41:46,900 - INFO - Finished calc_spline
2024-05-15 21:41:46,900 - INFO - Starting calc_spline
2024-05-15 21:41:46,916 - INFO - Finished calc_spline
2024-05-15 21:41:46,916 - INFO - Starting calc_spline
2024-05-15 21:41:46,933 - INFO - Finished calc_spline
2024-05-15 21:41:46,933 - INFO - Starting calc_spline
2024-05-15 21:41:46,949 - INFO - Finished calc_spline
2024-05-15 21:41:46,949 - INFO - Starting calc_spline
2024-05-15 21:41:46,966 - INFO - Finished calc_spline
2024-05-15 21:41:46,966 - INFO - Starting calc_spline
2024-05-15 21:41:46,982 - INFO - Finished calc_spline
2024-05-15 21:41:46,982 - INFO - Starting calc_spline
2024-05-15 21:41:46,998 - INFO - Finished calc_spline
2024-05-15 21:41:46,998 - INFO - Starting calc_spline
2024-05-15 21:41:47,015 - INFO - Finished calc_spline
2024-05-15 21:41:47,015 - INFO - Starting calc_spline
2024-05-15 21:41:47,032 - INFO - Finished calc_spline
2024-05-15 21:41:47,032 - INFO - Starting calc_spline
2024-05-15 21:41:47,049 - INFO - Finished calc_spline
2024-05-15 21:41:47,049 - INFO - Starting calc_spline
2024-05-15 21:41:47,066 - INFO - Finished calc_spline
2024-05-15 21:41:47,066 - INFO - Finished run_linear
