2024-05-15 21:50:41,830 - INFO - Initializing CubicForwardSpline
2024-05-15 21:50:41,831 - INFO - Finished initializing CubicForwardSpline
2024-05-15 21:50:42,425 - INFO - Starting load_data
2024-05-15 21:50:42,448 - INFO - Finished load_data
2024-05-15 21:50:44,510 - INFO - Starting run_one_time
2024-05-15 21:50:44,510 - INFO - Starting calc_spline
2024-05-15 21:50:44,539 - INFO - Finished calc_spline
2024-05-15 21:50:44,540 - INFO - Finished run_one_time
2024-05-15 21:50:46,443 - INFO - Starting run_linear
2024-05-15 21:50:46,444 - INFO - Starting calc_spline
2024-05-15 21:50:46,478 - INFO - Finished calc_spline
2024-05-15 21:50:46,479 - INFO - Starting calc_spline
2024-05-15 21:50:46,504 - INFO - Finished calc_spline
2024-05-15 21:50:46,504 - INFO - Starting calc_spline
2024-05-15 21:50:46,526 - INFO - Finished calc_spline
2024-05-15 21:50:46,526 - INFO - Starting calc_spline
2024-05-15 21:50:46,545 - INFO - Finished calc_spline
2024-05-15 21:50:46,545 - INFO - Starting calc_spline
2024-05-15 21:50:46,596 - INFO - Finished calc_spline
2024-05-15 21:50:46,597 - INFO - Starting calc_spline
2024-05-15 21:50:46,615 - INFO - Finished calc_spline
2024-05-15 21:50:46,615 - INFO - Starting calc_spline
2024-05-15 21:50:46,634 - INFO - Finished calc_spline
2024-05-15 21:50:46,634 - INFO - Starting calc_spline
2024-05-15 21:50:46,652 - INFO - Finished calc_spline
2024-05-15 21:50:46,653 - INFO - Starting calc_spline
2024-05-15 21:50:46,671 - INFO - Finished calc_spline
2024-05-15 21:50:46,671 - INFO - Starting calc_spline
2024-05-15 21:50:46,690 - INFO - Finished calc_spline
2024-05-15 21:50:46,690 - INFO - Starting calc_spline
2024-05-15 21:50:46,708 - INFO - Finished calc_spline
2024-05-15 21:50:46,708 - INFO - Starting calc_spline
2024-05-15 21:50:46,726 - INFO - Finished calc_spline
2024-05-15 21:50:46,726 - INFO - Starting calc_spline
2024-05-15 21:50:46,745 - INFO - Finished calc_spline
2024-05-15 21:50:46,745 - INFO - Starting calc_spline
2024-05-15 21:50:46,763 - INFO - Finished calc_spline
2024-05-15 21:50:46,763 - INFO - Starting calc_spline
2024-05-15 21:50:46,781 - INFO - Finished calc_spline
2024-05-15 21:50:46,781 - INFO - Starting calc_spline
2024-05-15 21:50:46,799 - INFO - Finished calc_spline
2024-05-15 21:50:46,799 - INFO - Starting calc_spline
2024-05-15 21:50:46,817 - INFO - Finished calc_spline
2024-05-15 21:50:46,817 - INFO - Starting calc_spline
2024-05-15 21:50:46,835 - INFO - Finished calc_spline
2024-05-15 21:50:46,835 - INFO - Starting calc_spline
2024-05-15 21:50:46,853 - INFO - Finished calc_spline
2024-05-15 21:50:46,854 - INFO - Starting calc_spline
2024-05-15 21:50:46,871 - INFO - Finished calc_spline
2024-05-15 21:50:46,872 - INFO - Starting calc_spline
2024-05-15 21:50:46,890 - INFO - Finished calc_spline
2024-05-15 21:50:46,890 - INFO - Starting calc_spline
2024-05-15 21:50:46,908 - INFO - Finished calc_spline
2024-05-15 21:50:46,908 - INFO - Starting calc_spline
2024-05-15 21:50:46,926 - INFO - Finished calc_spline
2024-05-15 21:50:46,926 - INFO - Starting calc_spline
2024-05-15 21:50:46,944 - INFO - Finished calc_spline
2024-05-15 21:50:46,945 - INFO - Starting calc_spline
2024-05-15 21:50:46,962 - INFO - Finished calc_spline
2024-05-15 21:50:46,962 - INFO - Starting calc_spline
2024-05-15 21:50:46,981 - INFO - Finished calc_spline
2024-05-15 21:50:46,981 - INFO - Starting calc_spline
2024-05-15 21:50:46,999 - INFO - Finished calc_spline
2024-05-15 21:50:46,999 - INFO - Starting calc_spline
2024-05-15 21:50:47,017 - INFO - Finished calc_spline
2024-05-15 21:50:47,017 - INFO - Starting calc_spline
2024-05-15 21:50:47,035 - INFO - Finished calc_spline
2024-05-15 21:50:47,035 - INFO - Starting calc_spline
2024-05-15 21:50:47,053 - INFO - Finished calc_spline
2024-05-15 21:50:47,053 - INFO - Starting calc_spline
2024-05-15 21:50:47,070 - INFO - Finished calc_spline
2024-05-15 21:50:47,070 - INFO - Starting calc_spline
2024-05-15 21:50:47,089 - INFO - Finished calc_spline
2024-05-15 21:50:47,089 - INFO - Starting calc_spline
2024-05-15 21:50:47,106 - INFO - Finished calc_spline
2024-05-15 21:50:47,106 - INFO - Starting calc_spline
2024-05-15 21:50:47,124 - INFO - Finished calc_spline
2024-05-15 21:50:47,125 - INFO - Starting calc_spline
2024-05-15 21:50:47,143 - INFO - Finished calc_spline
2024-05-15 21:50:47,143 - INFO - Starting calc_spline
2024-05-15 21:50:47,161 - INFO - Finished calc_spline
2024-05-15 21:50:47,161 - INFO - Starting calc_spline
2024-05-15 21:50:47,179 - INFO - Finished calc_spline
2024-05-15 21:50:47,179 - INFO - Starting calc_spline
2024-05-15 21:50:47,197 - INFO - Finished calc_spline
2024-05-15 21:50:47,197 - INFO - Starting calc_spline
2024-05-15 21:50:47,215 - INFO - Finished calc_spline
2024-05-15 21:50:47,215 - INFO - Starting calc_spline
2024-05-15 21:50:47,233 - INFO - Finished calc_spline
2024-05-15 21:50:47,233 - INFO - Starting calc_spline
2024-05-15 21:50:47,251 - INFO - Finished calc_spline
2024-05-15 21:50:47,251 - INFO - Starting calc_spline
2024-05-15 21:50:47,269 - INFO - Finished calc_spline
2024-05-15 21:50:47,269 - INFO - Starting calc_spline
2024-05-15 21:50:47,286 - INFO - Finished calc_spline
2024-05-15 21:50:47,286 - INFO - Starting calc_spline
2024-05-15 21:50:47,303 - INFO - Finished calc_spline
2024-05-15 21:50:47,304 - INFO - Starting calc_spline
2024-05-15 21:50:47,320 - INFO - Finished calc_spline
2024-05-15 21:50:47,320 - INFO - Starting calc_spline
2024-05-15 21:50:47,337 - INFO - Finished calc_spline
2024-05-15 21:50:47,337 - INFO - Starting calc_spline
2024-05-15 21:50:47,353 - INFO - Finished calc_spline
2024-05-15 21:50:47,353 - INFO - Starting calc_spline
2024-05-15 21:50:47,370 - INFO - Finished calc_spline
2024-05-15 21:50:47,370 - INFO - Starting calc_spline
2024-05-15 21:50:47,387 - INFO - Finished calc_spline
2024-05-15 21:50:47,387 - INFO - Starting calc_spline
2024-05-15 21:50:47,404 - INFO - Finished calc_spline
2024-05-15 21:50:47,404 - INFO - Starting calc_spline
2024-05-15 21:50:47,421 - INFO - Finished calc_spline
2024-05-15 21:50:47,421 - INFO - Starting calc_spline
2024-05-15 21:50:47,437 - INFO - Finished calc_spline
2024-05-15 21:50:47,437 - INFO - Starting calc_spline
2024-05-15 21:50:47,454 - INFO - Finished calc_spline
2024-05-15 21:50:47,454 - INFO - Starting calc_spline
2024-05-15 21:50:47,470 - INFO - Finished calc_spline
2024-05-15 21:50:47,470 - INFO - Starting calc_spline
2024-05-15 21:50:47,487 - INFO - Finished calc_spline
2024-05-15 21:50:47,487 - INFO - Starting calc_spline
2024-05-15 21:50:47,504 - INFO - Finished calc_spline
2024-05-15 21:50:47,504 - INFO - Starting calc_spline
2024-05-15 21:50:47,520 - INFO - Finished calc_spline
2024-05-15 21:50:47,521 - INFO - Starting calc_spline
2024-05-15 21:50:47,537 - INFO - Finished calc_spline
2024-05-15 21:50:47,537 - INFO - Starting calc_spline
2024-05-15 21:50:47,553 - INFO - Finished calc_spline
2024-05-15 21:50:47,553 - INFO - Starting calc_spline
2024-05-15 21:50:47,570 - INFO - Finished calc_spline
2024-05-15 21:50:47,570 - INFO - Starting calc_spline
2024-05-15 21:50:47,587 - INFO - Finished calc_spline
2024-05-15 21:50:47,587 - INFO - Finished run_linear
2024-05-15 21:50:59,840 - INFO - Starting run_linear
2024-05-15 21:50:59,840 - INFO - Starting calc_spline
2024-05-15 21:50:59,872 - INFO - Finished calc_spline
2024-05-15 21:50:59,873 - INFO - Starting calc_spline
2024-05-15 21:50:59,893 - INFO - Finished calc_spline
2024-05-15 21:50:59,893 - INFO - Starting calc_spline
2024-05-15 21:50:59,911 - INFO - Finished calc_spline
2024-05-15 21:50:59,911 - INFO - Starting calc_spline
2024-05-15 21:50:59,930 - INFO - Finished calc_spline
2024-05-15 21:50:59,930 - INFO - Starting calc_spline
2024-05-15 21:50:59,950 - INFO - Finished calc_spline
2024-05-15 21:50:59,950 - INFO - Starting calc_spline
2024-05-15 21:50:59,968 - INFO - Finished calc_spline
2024-05-15 21:50:59,968 - INFO - Starting calc_spline
2024-05-15 21:50:59,986 - INFO - Finished calc_spline
2024-05-15 21:50:59,986 - INFO - Starting calc_spline
2024-05-15 21:51:00,004 - INFO - Finished calc_spline
2024-05-15 21:51:00,004 - INFO - Starting calc_spline
2024-05-15 21:51:00,023 - INFO - Finished calc_spline
2024-05-15 21:51:00,023 - INFO - Starting calc_spline
2024-05-15 21:51:00,041 - INFO - Finished calc_spline
2024-05-15 21:51:00,041 - INFO - Starting calc_spline
2024-05-15 21:51:00,060 - INFO - Finished calc_spline
2024-05-15 21:51:00,060 - INFO - Starting calc_spline
2024-05-15 21:51:00,079 - INFO - Finished calc_spline
2024-05-15 21:51:00,079 - INFO - Starting calc_spline
2024-05-15 21:51:00,098 - INFO - Finished calc_spline
2024-05-15 21:51:00,098 - INFO - Starting calc_spline
2024-05-15 21:51:00,116 - INFO - Finished calc_spline
2024-05-15 21:51:00,116 - INFO - Starting calc_spline
2024-05-15 21:51:00,134 - INFO - Finished calc_spline
2024-05-15 21:51:00,134 - INFO - Starting calc_spline
2024-05-15 21:51:00,153 - INFO - Finished calc_spline
2024-05-15 21:51:00,153 - INFO - Starting calc_spline
2024-05-15 21:51:00,171 - INFO - Finished calc_spline
2024-05-15 21:51:00,171 - INFO - Starting calc_spline
2024-05-15 21:51:00,191 - INFO - Finished calc_spline
2024-05-15 21:51:00,191 - INFO - Starting calc_spline
2024-05-15 21:51:00,209 - INFO - Finished calc_spline
2024-05-15 21:51:00,210 - INFO - Starting calc_spline
2024-05-15 21:51:00,227 - INFO - Finished calc_spline
2024-05-15 21:51:00,227 - INFO - Starting calc_spline
2024-05-15 21:51:00,244 - INFO - Finished calc_spline
2024-05-15 21:51:00,244 - INFO - Starting calc_spline
2024-05-15 21:51:00,262 - INFO - Finished calc_spline
2024-05-15 21:51:00,262 - INFO - Starting calc_spline
2024-05-15 21:51:00,279 - INFO - Finished calc_spline
2024-05-15 21:51:00,279 - INFO - Starting calc_spline
2024-05-15 21:51:00,297 - INFO - Finished calc_spline
2024-05-15 21:51:00,297 - INFO - Starting calc_spline
2024-05-15 21:51:00,314 - INFO - Finished calc_spline
2024-05-15 21:51:00,314 - INFO - Starting calc_spline
2024-05-15 21:51:00,331 - INFO - Finished calc_spline
2024-05-15 21:51:00,331 - INFO - Starting calc_spline
2024-05-15 21:51:00,348 - INFO - Finished calc_spline
2024-05-15 21:51:00,348 - INFO - Starting calc_spline
2024-05-15 21:51:00,365 - INFO - Finished calc_spline
2024-05-15 21:51:00,366 - INFO - Starting calc_spline
2024-05-15 21:51:00,383 - INFO - Finished calc_spline
2024-05-15 21:51:00,383 - INFO - Starting calc_spline
2024-05-15 21:51:00,400 - INFO - Finished calc_spline
2024-05-15 21:51:00,400 - INFO - Starting calc_spline
2024-05-15 21:51:00,418 - INFO - Finished calc_spline
2024-05-15 21:51:00,418 - INFO - Starting calc_spline
2024-05-15 21:51:00,435 - INFO - Finished calc_spline
2024-05-15 21:51:00,435 - INFO - Starting calc_spline
2024-05-15 21:51:00,453 - INFO - Finished calc_spline
2024-05-15 21:51:00,453 - INFO - Starting calc_spline
2024-05-15 21:51:00,470 - INFO - Finished calc_spline
2024-05-15 21:51:00,470 - INFO - Starting calc_spline
2024-05-15 21:51:00,487 - INFO - Finished calc_spline
2024-05-15 21:51:00,487 - INFO - Starting calc_spline
2024-05-15 21:51:00,504 - INFO - Finished calc_spline
2024-05-15 21:51:00,504 - INFO - Starting calc_spline
2024-05-15 21:51:00,521 - INFO - Finished calc_spline
2024-05-15 21:51:00,521 - INFO - Starting calc_spline
2024-05-15 21:51:00,538 - INFO - Finished calc_spline
2024-05-15 21:51:00,538 - INFO - Starting calc_spline
2024-05-15 21:51:00,554 - INFO - Finished calc_spline
2024-05-15 21:51:00,554 - INFO - Starting calc_spline
2024-05-15 21:51:00,571 - INFO - Finished calc_spline
2024-05-15 21:51:00,572 - INFO - Starting calc_spline
2024-05-15 21:51:00,588 - INFO - Finished calc_spline
2024-05-15 21:51:00,589 - INFO - Starting calc_spline
2024-05-15 21:51:00,605 - INFO - Finished calc_spline
2024-05-15 21:51:00,605 - INFO - Starting calc_spline
2024-05-15 21:51:00,622 - INFO - Finished calc_spline
2024-05-15 21:51:00,622 - INFO - Starting calc_spline
2024-05-15 21:51:00,639 - INFO - Finished calc_spline
2024-05-15 21:51:00,639 - INFO - Starting calc_spline
2024-05-15 21:51:00,657 - INFO - Finished calc_spline
2024-05-15 21:51:00,657 - INFO - Starting calc_spline
2024-05-15 21:51:00,675 - INFO - Finished calc_spline
2024-05-15 21:51:00,675 - INFO - Starting calc_spline
2024-05-15 21:51:00,692 - INFO - Finished calc_spline
2024-05-15 21:51:00,692 - INFO - Starting calc_spline
2024-05-15 21:51:00,709 - INFO - Finished calc_spline
2024-05-15 21:51:00,709 - INFO - Starting calc_spline
2024-05-15 21:51:00,726 - INFO - Finished calc_spline
2024-05-15 21:51:00,726 - INFO - Starting calc_spline
2024-05-15 21:51:00,743 - INFO - Finished calc_spline
2024-05-15 21:51:00,743 - INFO - Starting calc_spline
2024-05-15 21:51:00,759 - INFO - Finished calc_spline
2024-05-15 21:51:00,759 - INFO - Starting calc_spline
2024-05-15 21:51:00,776 - INFO - Finished calc_spline
2024-05-15 21:51:00,776 - INFO - Starting calc_spline
2024-05-15 21:51:00,793 - INFO - Finished calc_spline
2024-05-15 21:51:00,794 - INFO - Starting calc_spline
2024-05-15 21:51:00,810 - INFO - Finished calc_spline
2024-05-15 21:51:00,810 - INFO - Starting calc_spline
2024-05-15 21:51:00,827 - INFO - Finished calc_spline
2024-05-15 21:51:00,827 - INFO - Starting calc_spline
2024-05-15 21:51:00,844 - INFO - Finished calc_spline
2024-05-15 21:51:00,844 - INFO - Starting calc_spline
2024-05-15 21:51:00,860 - INFO - Finished calc_spline
2024-05-15 21:51:00,860 - INFO - Starting calc_spline
2024-05-15 21:51:00,877 - INFO - Finished calc_spline
2024-05-15 21:51:00,877 - INFO - Starting calc_spline
2024-05-15 21:51:00,894 - INFO - Finished calc_spline
2024-05-15 21:51:00,894 - INFO - Starting calc_spline
2024-05-15 21:51:00,911 - INFO - Finished calc_spline
2024-05-15 21:51:00,911 - INFO - Starting calc_spline
2024-05-15 21:51:00,927 - INFO - Finished calc_spline
2024-05-15 21:51:00,928 - INFO - Finished run_linear
