2024-05-15 22:30:05,130 - INFO - Initializing CubicForwardSpline
2024-05-15 22:30:05,130 - INFO - Finished initializing CubicForwardSpline
2024-05-15 22:30:05,135 - INFO - Starting load_data
2024-05-15 22:30:05,150 - INFO - Finished load_data
2024-05-15 22:30:06,595 - INFO - Starting run_one_time
2024-05-15 22:30:06,595 - INFO - Starting calc_spline
2024-05-15 22:30:06,649 - INFO - Finished calc_spline
2024-05-15 22:30:06,649 - INFO - Finished run_one_time
2024-05-15 22:30:12,487 - INFO - Starting run_linear
2024-05-15 22:30:12,489 - INFO - Starting calc_spline
2024-05-15 22:30:12,568 - INFO - Finished calc_spline
2024-05-15 22:30:12,569 - INFO - Starting calc_spline
2024-05-15 22:30:12,599 - INFO - Finished calc_spline
2024-05-15 22:30:12,599 - INFO - Starting calc_spline
2024-05-15 22:30:12,628 - INFO - Finished calc_spline
2024-05-15 22:30:12,628 - INFO - Starting calc_spline
2024-05-15 22:30:12,656 - INFO - Finished calc_spline
2024-05-15 22:30:12,656 - INFO - Starting calc_spline
2024-05-15 22:30:12,684 - INFO - Finished calc_spline
2024-05-15 22:30:12,684 - INFO - Starting calc_spline
2024-05-15 22:30:12,712 - INFO - Finished calc_spline
2024-05-15 22:30:12,713 - INFO - Starting calc_spline
2024-05-15 22:30:12,741 - INFO - Finished calc_spline
2024-05-15 22:30:12,741 - INFO - Starting calc_spline
2024-05-15 22:30:12,767 - INFO - Finished calc_spline
2024-05-15 22:30:12,767 - INFO - Starting calc_spline
2024-05-15 22:30:12,795 - INFO - Finished calc_spline
2024-05-15 22:30:12,795 - INFO - Starting calc_spline
2024-05-15 22:30:12,822 - INFO - Finished calc_spline
2024-05-15 22:30:12,822 - INFO - Starting calc_spline
2024-05-15 22:30:12,848 - INFO - Finished calc_spline
2024-05-15 22:30:12,848 - INFO - Starting calc_spline
2024-05-15 22:30:12,874 - INFO - Finished calc_spline
2024-05-15 22:30:12,874 - INFO - Starting calc_spline
2024-05-15 22:30:12,900 - INFO - Finished calc_spline
2024-05-15 22:30:12,900 - INFO - Starting calc_spline
2024-05-15 22:30:12,927 - INFO - Finished calc_spline
2024-05-15 22:30:12,927 - INFO - Starting calc_spline
2024-05-15 22:30:12,953 - INFO - Finished calc_spline
2024-05-15 22:30:12,953 - INFO - Starting calc_spline
2024-05-15 22:30:12,978 - INFO - Finished calc_spline
2024-05-15 22:30:12,979 - INFO - Starting calc_spline
2024-05-15 22:30:13,004 - INFO - Finished calc_spline
2024-05-15 22:30:13,005 - INFO - Starting calc_spline
2024-05-15 22:30:13,030 - INFO - Finished calc_spline
2024-05-15 22:30:13,030 - INFO - Starting calc_spline
2024-05-15 22:30:13,058 - INFO - Finished calc_spline
2024-05-15 22:30:13,059 - INFO - Starting calc_spline
2024-05-15 22:30:13,085 - INFO - Finished calc_spline
2024-05-15 22:30:13,085 - INFO - Starting calc_spline
2024-05-15 22:30:13,112 - INFO - Finished calc_spline
2024-05-15 22:30:13,112 - INFO - Starting calc_spline
2024-05-15 22:30:13,138 - INFO - Finished calc_spline
2024-05-15 22:30:13,139 - INFO - Starting calc_spline
2024-05-15 22:30:13,164 - INFO - Finished calc_spline
2024-05-15 22:30:13,165 - INFO - Starting calc_spline
2024-05-15 22:30:13,190 - INFO - Finished calc_spline
2024-05-15 22:30:13,190 - INFO - Starting calc_spline
2024-05-15 22:30:13,217 - INFO - Finished calc_spline
2024-05-15 22:30:13,217 - INFO - Starting calc_spline
2024-05-15 22:30:13,243 - INFO - Finished calc_spline
2024-05-15 22:30:13,243 - INFO - Starting calc_spline
2024-05-15 22:30:13,269 - INFO - Finished calc_spline
2024-05-15 22:30:13,269 - INFO - Starting calc_spline
2024-05-15 22:30:13,295 - INFO - Finished calc_spline
2024-05-15 22:30:13,295 - INFO - Starting calc_spline
2024-05-15 22:30:13,322 - INFO - Finished calc_spline
2024-05-15 22:30:13,322 - INFO - Starting calc_spline
2024-05-15 22:30:13,349 - INFO - Finished calc_spline
2024-05-15 22:30:13,349 - INFO - Starting calc_spline
2024-05-15 22:30:13,375 - INFO - Finished calc_spline
2024-05-15 22:30:13,375 - INFO - Starting calc_spline
2024-05-15 22:30:13,402 - INFO - Finished calc_spline
2024-05-15 22:30:13,402 - INFO - Starting calc_spline
2024-05-15 22:30:13,429 - INFO - Finished calc_spline
2024-05-15 22:30:13,429 - INFO - Starting calc_spline
2024-05-15 22:30:13,456 - INFO - Finished calc_spline
2024-05-15 22:30:13,456 - INFO - Starting calc_spline
2024-05-15 22:30:13,482 - INFO - Finished calc_spline
2024-05-15 22:30:13,482 - INFO - Starting calc_spline
2024-05-15 22:30:13,508 - INFO - Finished calc_spline
2024-05-15 22:30:13,508 - INFO - Starting calc_spline
2024-05-15 22:30:13,533 - INFO - Finished calc_spline
2024-05-15 22:30:13,533 - INFO - Starting calc_spline
2024-05-15 22:30:13,560 - INFO - Finished calc_spline
2024-05-15 22:30:13,560 - INFO - Starting calc_spline
2024-05-15 22:30:13,586 - INFO - Finished calc_spline
2024-05-15 22:30:13,586 - INFO - Starting calc_spline
2024-05-15 22:30:13,612 - INFO - Finished calc_spline
2024-05-15 22:30:13,612 - INFO - Starting calc_spline
2024-05-15 22:30:13,638 - INFO - Finished calc_spline
2024-05-15 22:30:13,638 - INFO - Starting calc_spline
2024-05-15 22:30:13,665 - INFO - Finished calc_spline
2024-05-15 22:30:13,665 - INFO - Starting calc_spline
2024-05-15 22:30:13,691 - INFO - Finished calc_spline
2024-05-15 22:30:13,692 - INFO - Starting calc_spline
2024-05-15 22:30:13,718 - INFO - Finished calc_spline
2024-05-15 22:30:13,718 - INFO - Starting calc_spline
2024-05-15 22:30:13,744 - INFO - Finished calc_spline
2024-05-15 22:30:13,744 - INFO - Starting calc_spline
2024-05-15 22:30:13,770 - INFO - Finished calc_spline
2024-05-15 22:30:13,770 - INFO - Starting calc_spline
2024-05-15 22:30:13,796 - INFO - Finished calc_spline
2024-05-15 22:30:13,796 - INFO - Starting calc_spline
2024-05-15 22:30:13,822 - INFO - Finished calc_spline
2024-05-15 22:30:13,822 - INFO - Starting calc_spline
2024-05-15 22:30:13,849 - INFO - Finished calc_spline
2024-05-15 22:30:13,849 - INFO - Starting calc_spline
2024-05-15 22:30:13,876 - INFO - Finished calc_spline
2024-05-15 22:30:13,876 - INFO - Starting calc_spline
2024-05-15 22:30:13,901 - INFO - Finished calc_spline
2024-05-15 22:30:13,902 - INFO - Starting calc_spline
2024-05-15 22:30:13,927 - INFO - Finished calc_spline
2024-05-15 22:30:13,927 - INFO - Starting calc_spline
2024-05-15 22:30:13,953 - INFO - Finished calc_spline
2024-05-15 22:30:13,954 - INFO - Starting calc_spline
2024-05-15 22:30:13,980 - INFO - Finished calc_spline
2024-05-15 22:30:13,980 - INFO - Starting calc_spline
2024-05-15 22:30:14,005 - INFO - Finished calc_spline
2024-05-15 22:30:14,005 - INFO - Starting calc_spline
2024-05-15 22:30:14,031 - INFO - Finished calc_spline
2024-05-15 22:30:14,031 - INFO - Starting calc_spline
2024-05-15 22:30:14,057 - INFO - Finished calc_spline
2024-05-15 22:30:14,057 - INFO - Starting calc_spline
2024-05-15 22:30:14,083 - INFO - Finished calc_spline
2024-05-15 22:30:14,083 - INFO - Starting calc_spline
2024-05-15 22:30:14,108 - INFO - Finished calc_spline
2024-05-15 22:30:14,108 - INFO - Starting calc_spline
2024-05-15 22:30:14,134 - INFO - Finished calc_spline
2024-05-15 22:30:14,134 - INFO - Starting calc_spline
2024-05-15 22:30:14,160 - INFO - Finished calc_spline
2024-05-15 22:30:14,160 - INFO - Starting calc_spline
2024-05-15 22:30:14,186 - INFO - Finished calc_spline
2024-05-15 22:30:14,186 - INFO - Starting calc_spline
2024-05-15 22:30:14,212 - INFO - Finished calc_spline
2024-05-15 22:30:14,212 - INFO - Starting calc_spline
2024-05-15 22:30:14,237 - INFO - Finished calc_spline
2024-05-15 22:30:14,238 - INFO - Starting calc_spline
2024-05-15 22:30:14,263 - INFO - Finished calc_spline
2024-05-15 22:30:14,263 - INFO - Starting calc_spline
2024-05-15 22:30:14,289 - INFO - Finished calc_spline
2024-05-15 22:30:14,289 - INFO - Starting calc_spline
2024-05-15 22:30:14,315 - INFO - Finished calc_spline
2024-05-15 22:30:14,315 - INFO - Starting calc_spline
2024-05-15 22:30:14,341 - INFO - Finished calc_spline
2024-05-15 22:30:14,341 - INFO - Starting calc_spline
2024-05-15 22:30:14,367 - INFO - Finished calc_spline
2024-05-15 22:30:14,367 - INFO - Starting calc_spline
2024-05-15 22:30:14,392 - INFO - Finished calc_spline
2024-05-15 22:30:14,392 - INFO - Starting calc_spline
2024-05-15 22:30:14,418 - INFO - Finished calc_spline
2024-05-15 22:30:14,418 - INFO - Starting calc_spline
2024-05-15 22:30:14,444 - INFO - Finished calc_spline
2024-05-15 22:30:14,444 - INFO - Starting calc_spline
2024-05-15 22:30:14,469 - INFO - Finished calc_spline
2024-05-15 22:30:14,470 - INFO - Starting calc_spline
2024-05-15 22:30:14,495 - INFO - Finished calc_spline
2024-05-15 22:30:14,495 - INFO - Starting calc_spline
2024-05-15 22:30:14,521 - INFO - Finished calc_spline
2024-05-15 22:30:14,521 - INFO - Starting calc_spline
2024-05-15 22:30:14,548 - INFO - Finished calc_spline
2024-05-15 22:30:14,548 - INFO - Starting calc_spline
2024-05-15 22:30:14,575 - INFO - Finished calc_spline
2024-05-15 22:30:14,575 - INFO - Starting calc_spline
2024-05-15 22:30:14,625 - INFO - Finished calc_spline
2024-05-15 22:30:14,625 - INFO - Starting calc_spline
2024-05-15 22:30:14,651 - INFO - Finished calc_spline
2024-05-15 22:30:14,651 - INFO - Starting calc_spline
2024-05-15 22:30:14,678 - INFO - Finished calc_spline
2024-05-15 22:30:14,678 - INFO - Starting calc_spline
2024-05-15 22:30:14,704 - INFO - Finished calc_spline
2024-05-15 22:30:14,704 - INFO - Starting calc_spline
2024-05-15 22:30:14,729 - INFO - Finished calc_spline
2024-05-15 22:30:14,729 - INFO - Starting calc_spline
2024-05-15 22:30:14,755 - INFO - Finished calc_spline
2024-05-15 22:30:14,755 - INFO - Starting calc_spline
2024-05-15 22:30:14,782 - INFO - Finished calc_spline
2024-05-15 22:30:14,782 - INFO - Starting calc_spline
2024-05-15 22:30:14,807 - INFO - Finished calc_spline
2024-05-15 22:30:14,807 - INFO - Starting calc_spline
2024-05-15 22:30:14,833 - INFO - Finished calc_spline
2024-05-15 22:30:14,833 - INFO - Starting calc_spline
2024-05-15 22:30:14,859 - INFO - Finished calc_spline
2024-05-15 22:30:14,859 - INFO - Starting calc_spline
2024-05-15 22:30:14,885 - INFO - Finished calc_spline
2024-05-15 22:30:14,885 - INFO - Starting calc_spline
2024-05-15 22:30:14,911 - INFO - Finished calc_spline
2024-05-15 22:30:14,911 - INFO - Starting calc_spline
2024-05-15 22:30:14,936 - INFO - Finished calc_spline
2024-05-15 22:30:14,936 - INFO - Starting calc_spline
2024-05-15 22:30:14,963 - INFO - Finished calc_spline
2024-05-15 22:30:14,963 - INFO - Starting calc_spline
2024-05-15 22:30:14,990 - INFO - Finished calc_spline
2024-05-15 22:30:14,990 - INFO - Starting calc_spline
2024-05-15 22:30:15,016 - INFO - Finished calc_spline
2024-05-15 22:30:15,016 - INFO - Starting calc_spline
2024-05-15 22:30:15,042 - INFO - Finished calc_spline
2024-05-15 22:30:15,042 - INFO - Starting calc_spline
2024-05-15 22:30:15,068 - INFO - Finished calc_spline
2024-05-15 22:30:15,068 - INFO - Starting calc_spline
2024-05-15 22:30:15,094 - INFO - Finished calc_spline
2024-05-15 22:30:15,094 - INFO - Starting calc_spline
2024-05-15 22:30:15,120 - INFO - Finished calc_spline
2024-05-15 22:30:15,120 - INFO - Starting calc_spline
2024-05-15 22:30:15,145 - INFO - Finished calc_spline
2024-05-15 22:30:15,145 - INFO - Starting calc_spline
2024-05-15 22:30:15,171 - INFO - Finished calc_spline
2024-05-15 22:30:15,172 - INFO - Starting calc_spline
2024-05-15 22:30:15,197 - INFO - Finished calc_spline
2024-05-15 22:30:15,198 - INFO - Starting calc_spline
2024-05-15 22:30:15,223 - INFO - Finished calc_spline
2024-05-15 22:30:15,223 - INFO - Starting calc_spline
2024-05-15 22:30:15,248 - INFO - Finished calc_spline
2024-05-15 22:30:15,248 - INFO - Starting calc_spline
2024-05-15 22:30:15,274 - INFO - Finished calc_spline
2024-05-15 22:30:15,274 - INFO - Starting calc_spline
2024-05-15 22:30:15,300 - INFO - Finished calc_spline
2024-05-15 22:30:15,300 - INFO - Starting calc_spline
2024-05-15 22:30:15,325 - INFO - Finished calc_spline
2024-05-15 22:30:15,325 - INFO - Starting calc_spline
2024-05-15 22:30:15,351 - INFO - Finished calc_spline
2024-05-15 22:30:15,351 - INFO - Starting calc_spline
2024-05-15 22:30:15,377 - INFO - Finished calc_spline
2024-05-15 22:30:15,377 - INFO - Starting calc_spline
2024-05-15 22:30:15,404 - INFO - Finished calc_spline
2024-05-15 22:30:15,404 - INFO - Starting calc_spline
2024-05-15 22:30:15,431 - INFO - Finished calc_spline
2024-05-15 22:30:15,431 - INFO - Starting calc_spline
2024-05-15 22:30:15,457 - INFO - Finished calc_spline
2024-05-15 22:30:15,457 - INFO - Starting calc_spline
2024-05-15 22:30:15,483 - INFO - Finished calc_spline
2024-05-15 22:30:15,483 - INFO - Starting calc_spline
2024-05-15 22:30:15,509 - INFO - Finished calc_spline
2024-05-15 22:30:15,509 - INFO - Starting calc_spline
2024-05-15 22:30:15,534 - INFO - Finished calc_spline
2024-05-15 22:30:15,535 - INFO - Starting calc_spline
2024-05-15 22:30:15,561 - INFO - Finished calc_spline
2024-05-15 22:30:15,561 - INFO - Starting calc_spline
2024-05-15 22:30:15,587 - INFO - Finished calc_spline
2024-05-15 22:30:15,587 - INFO - Starting calc_spline
2024-05-15 22:30:15,612 - INFO - Finished calc_spline
2024-05-15 22:30:15,613 - INFO - Starting calc_spline
2024-05-15 22:30:15,638 - INFO - Finished calc_spline
2024-05-15 22:30:15,638 - INFO - Starting calc_spline
2024-05-15 22:30:15,664 - INFO - Finished calc_spline
2024-05-15 22:30:15,664 - INFO - Starting calc_spline
2024-05-15 22:30:15,690 - INFO - Finished calc_spline
2024-05-15 22:30:15,690 - INFO - Starting calc_spline
2024-05-15 22:30:15,716 - INFO - Finished calc_spline
2024-05-15 22:30:15,716 - INFO - Starting calc_spline
2024-05-15 22:30:15,741 - INFO - Finished calc_spline
2024-05-15 22:30:15,742 - INFO - Starting calc_spline
2024-05-15 22:30:15,767 - INFO - Finished calc_spline
2024-05-15 22:30:15,767 - INFO - Starting calc_spline
2024-05-15 22:30:15,793 - INFO - Finished calc_spline
2024-05-15 22:30:15,794 - INFO - Starting calc_spline
2024-05-15 22:30:15,821 - INFO - Finished calc_spline
2024-05-15 22:30:15,821 - INFO - Starting calc_spline
2024-05-15 22:30:15,847 - INFO - Finished calc_spline
2024-05-15 22:30:15,847 - INFO - Starting calc_spline
2024-05-15 22:30:15,873 - INFO - Finished calc_spline
2024-05-15 22:30:15,873 - INFO - Starting calc_spline
2024-05-15 22:30:15,900 - INFO - Finished calc_spline
2024-05-15 22:30:15,900 - INFO - Starting calc_spline
2024-05-15 22:30:15,927 - INFO - Finished calc_spline
2024-05-15 22:30:15,927 - INFO - Starting calc_spline
2024-05-15 22:30:15,952 - INFO - Finished calc_spline
2024-05-15 22:30:15,952 - INFO - Starting calc_spline
2024-05-15 22:30:15,978 - INFO - Finished calc_spline
2024-05-15 22:30:15,979 - INFO - Starting calc_spline
2024-05-15 22:30:16,005 - INFO - Finished calc_spline
2024-05-15 22:30:16,005 - INFO - Starting calc_spline
2024-05-15 22:30:16,031 - INFO - Finished calc_spline
2024-05-15 22:30:16,031 - INFO - Starting calc_spline
2024-05-15 22:30:16,056 - INFO - Finished calc_spline
2024-05-15 22:30:16,057 - INFO - Starting calc_spline
2024-05-15 22:30:16,083 - INFO - Finished calc_spline
2024-05-15 22:30:16,083 - INFO - Starting calc_spline
2024-05-15 22:30:16,109 - INFO - Finished calc_spline
2024-05-15 22:30:16,109 - INFO - Starting calc_spline
2024-05-15 22:30:16,134 - INFO - Finished calc_spline
2024-05-15 22:30:16,135 - INFO - Starting calc_spline
2024-05-15 22:30:16,160 - INFO - Finished calc_spline
2024-05-15 22:30:16,160 - INFO - Starting calc_spline
2024-05-15 22:30:16,186 - INFO - Finished calc_spline
2024-05-15 22:30:16,186 - INFO - Starting calc_spline
2024-05-15 22:30:16,212 - INFO - Finished calc_spline
2024-05-15 22:30:16,212 - INFO - Starting calc_spline
2024-05-15 22:30:16,238 - INFO - Finished calc_spline
2024-05-15 22:30:16,238 - INFO - Starting calc_spline
2024-05-15 22:30:16,263 - INFO - Finished calc_spline
2024-05-15 22:30:16,263 - INFO - Starting calc_spline
2024-05-15 22:30:16,289 - INFO - Finished calc_spline
2024-05-15 22:30:16,289 - INFO - Starting calc_spline
2024-05-15 22:30:16,315 - INFO - Finished calc_spline
2024-05-15 22:30:16,315 - INFO - Starting calc_spline
2024-05-15 22:30:16,341 - INFO - Finished calc_spline
2024-05-15 22:30:16,341 - INFO - Starting calc_spline
2024-05-15 22:30:16,366 - INFO - Finished calc_spline
2024-05-15 22:30:16,367 - INFO - Starting calc_spline
2024-05-15 22:30:16,392 - INFO - Finished calc_spline
2024-05-15 22:30:16,392 - INFO - Starting calc_spline
2024-05-15 22:30:16,418 - INFO - Finished calc_spline
2024-05-15 22:30:16,418 - INFO - Starting calc_spline
2024-05-15 22:30:16,444 - INFO - Finished calc_spline
2024-05-15 22:30:16,444 - INFO - Starting calc_spline
2024-05-15 22:30:16,470 - INFO - Finished calc_spline
2024-05-15 22:30:16,470 - INFO - Starting calc_spline
2024-05-15 22:30:16,496 - INFO - Finished calc_spline
2024-05-15 22:30:16,496 - INFO - Starting calc_spline
2024-05-15 22:30:16,522 - INFO - Finished calc_spline
2024-05-15 22:30:16,522 - INFO - Starting calc_spline
2024-05-15 22:30:16,548 - INFO - Finished calc_spline
2024-05-15 22:30:16,548 - INFO - Starting calc_spline
2024-05-15 22:30:16,575 - INFO - Finished calc_spline
2024-05-15 22:30:16,575 - INFO - Starting calc_spline
2024-05-15 22:30:16,601 - INFO - Finished calc_spline
2024-05-15 22:30:16,602 - INFO - Starting calc_spline
2024-05-15 22:30:16,627 - INFO - Finished calc_spline
2024-05-15 22:30:16,628 - INFO - Starting calc_spline
2024-05-15 22:30:16,679 - INFO - Finished calc_spline
2024-05-15 22:30:16,679 - INFO - Starting calc_spline
2024-05-15 22:30:16,705 - INFO - Finished calc_spline
2024-05-15 22:30:16,705 - INFO - Starting calc_spline
2024-05-15 22:30:16,731 - INFO - Finished calc_spline
2024-05-15 22:30:16,731 - INFO - Starting calc_spline
2024-05-15 22:30:16,757 - INFO - Finished calc_spline
2024-05-15 22:30:16,757 - INFO - Starting calc_spline
2024-05-15 22:30:16,783 - INFO - Finished calc_spline
2024-05-15 22:30:16,783 - INFO - Starting calc_spline
2024-05-15 22:30:16,809 - INFO - Finished calc_spline
2024-05-15 22:30:16,809 - INFO - Starting calc_spline
2024-05-15 22:30:16,835 - INFO - Finished calc_spline
2024-05-15 22:30:16,835 - INFO - Starting calc_spline
2024-05-15 22:30:16,860 - INFO - Finished calc_spline
2024-05-15 22:30:16,860 - INFO - Starting calc_spline
2024-05-15 22:30:16,886 - INFO - Finished calc_spline
2024-05-15 22:30:16,886 - INFO - Starting calc_spline
2024-05-15 22:30:16,912 - INFO - Finished calc_spline
2024-05-15 22:30:16,912 - INFO - Starting calc_spline
2024-05-15 22:30:16,938 - INFO - Finished calc_spline
2024-05-15 22:30:16,938 - INFO - Starting calc_spline
2024-05-15 22:30:16,963 - INFO - Finished calc_spline
2024-05-15 22:30:16,963 - INFO - Starting calc_spline
2024-05-15 22:30:16,989 - INFO - Finished calc_spline
2024-05-15 22:30:16,989 - INFO - Starting calc_spline
2024-05-15 22:30:17,015 - INFO - Finished calc_spline
2024-05-15 22:30:17,015 - INFO - Starting calc_spline
2024-05-15 22:30:17,041 - INFO - Finished calc_spline
2024-05-15 22:30:17,041 - INFO - Starting calc_spline
2024-05-15 22:30:17,066 - INFO - Finished calc_spline
2024-05-15 22:30:17,066 - INFO - Starting calc_spline
2024-05-15 22:30:17,094 - INFO - Finished calc_spline
2024-05-15 22:30:17,094 - INFO - Starting calc_spline
2024-05-15 22:30:17,121 - INFO - Finished calc_spline
2024-05-15 22:30:17,121 - INFO - Starting calc_spline
2024-05-15 22:30:17,146 - INFO - Finished calc_spline
2024-05-15 22:30:17,146 - INFO - Starting calc_spline
2024-05-15 22:30:17,172 - INFO - Finished calc_spline
2024-05-15 22:30:17,172 - INFO - Starting calc_spline
2024-05-15 22:30:17,198 - INFO - Finished calc_spline
2024-05-15 22:30:17,198 - INFO - Starting calc_spline
2024-05-15 22:30:17,224 - INFO - Finished calc_spline
2024-05-15 22:30:17,224 - INFO - Starting calc_spline
2024-05-15 22:30:17,250 - INFO - Finished calc_spline
2024-05-15 22:30:17,250 - INFO - Starting calc_spline
2024-05-15 22:30:17,275 - INFO - Finished calc_spline
2024-05-15 22:30:17,276 - INFO - Starting calc_spline
2024-05-15 22:30:17,302 - INFO - Finished calc_spline
2024-05-15 22:30:17,302 - INFO - Starting calc_spline
2024-05-15 22:30:17,327 - INFO - Finished calc_spline
2024-05-15 22:30:17,328 - INFO - Starting calc_spline
2024-05-15 22:30:17,353 - INFO - Finished calc_spline
2024-05-15 22:30:17,353 - INFO - Starting calc_spline
2024-05-15 22:30:17,379 - INFO - Finished calc_spline
2024-05-15 22:30:17,379 - INFO - Starting calc_spline
2024-05-15 22:30:17,405 - INFO - Finished calc_spline
2024-05-15 22:30:17,405 - INFO - Starting calc_spline
2024-05-15 22:30:17,431 - INFO - Finished calc_spline
2024-05-15 22:30:17,431 - INFO - Starting calc_spline
2024-05-15 22:30:17,457 - INFO - Finished calc_spline
2024-05-15 22:30:17,457 - INFO - Starting calc_spline
2024-05-15 22:30:17,482 - INFO - Finished calc_spline
2024-05-15 22:30:17,482 - INFO - Starting calc_spline
2024-05-15 22:30:17,508 - INFO - Finished calc_spline
2024-05-15 22:30:17,508 - INFO - Starting calc_spline
2024-05-15 22:30:17,534 - INFO - Finished calc_spline
2024-05-15 22:30:17,534 - INFO - Starting calc_spline
2024-05-15 22:30:17,561 - INFO - Finished calc_spline
2024-05-15 22:30:17,561 - INFO - Starting calc_spline
2024-05-15 22:30:17,587 - INFO - Finished calc_spline
2024-05-15 22:30:17,587 - INFO - Starting calc_spline
2024-05-15 22:30:17,613 - INFO - Finished calc_spline
2024-05-15 22:30:17,613 - INFO - Starting calc_spline
2024-05-15 22:30:17,640 - INFO - Finished calc_spline
2024-05-15 22:30:17,640 - INFO - Starting calc_spline
2024-05-15 22:30:17,666 - INFO - Finished calc_spline
2024-05-15 22:30:17,666 - INFO - Starting calc_spline
2024-05-15 22:30:17,691 - INFO - Finished calc_spline
2024-05-15 22:30:17,691 - INFO - Starting calc_spline
2024-05-15 22:30:17,717 - INFO - Finished calc_spline
2024-05-15 22:30:17,717 - INFO - Starting calc_spline
2024-05-15 22:30:17,743 - INFO - Finished calc_spline
2024-05-15 22:30:17,744 - INFO - Starting calc_spline
2024-05-15 22:30:17,769 - INFO - Finished calc_spline
2024-05-15 22:30:17,769 - INFO - Starting calc_spline
2024-05-15 22:30:17,794 - INFO - Finished calc_spline
2024-05-15 22:30:17,794 - INFO - Starting calc_spline
2024-05-15 22:30:17,820 - INFO - Finished calc_spline
2024-05-15 22:30:17,821 - INFO - Starting calc_spline
2024-05-15 22:30:17,847 - INFO - Finished calc_spline
2024-05-15 22:30:17,847 - INFO - Starting calc_spline
2024-05-15 22:30:17,874 - INFO - Finished calc_spline
2024-05-15 22:30:17,874 - INFO - Starting calc_spline
2024-05-15 22:30:17,900 - INFO - Finished calc_spline
2024-05-15 22:30:17,900 - INFO - Starting calc_spline
2024-05-15 22:30:17,926 - INFO - Finished calc_spline
2024-05-15 22:30:17,926 - INFO - Starting calc_spline
2024-05-15 22:30:17,952 - INFO - Finished calc_spline
2024-05-15 22:30:17,952 - INFO - Starting calc_spline
2024-05-15 22:30:17,977 - INFO - Finished calc_spline
2024-05-15 22:30:17,978 - INFO - Starting calc_spline
2024-05-15 22:30:18,003 - INFO - Finished calc_spline
2024-05-15 22:30:18,003 - INFO - Starting calc_spline
2024-05-15 22:30:18,029 - INFO - Finished calc_spline
2024-05-15 22:30:18,029 - INFO - Starting calc_spline
2024-05-15 22:30:18,055 - INFO - Finished calc_spline
2024-05-15 22:30:18,055 - INFO - Starting calc_spline
2024-05-15 22:30:18,080 - INFO - Finished calc_spline
2024-05-15 22:30:18,081 - INFO - Starting calc_spline
2024-05-15 22:30:18,106 - INFO - Finished calc_spline
2024-05-15 22:30:18,106 - INFO - Starting calc_spline
2024-05-15 22:30:18,133 - INFO - Finished calc_spline
2024-05-15 22:30:18,133 - INFO - Starting calc_spline
2024-05-15 22:30:18,158 - INFO - Finished calc_spline
2024-05-15 22:30:18,158 - INFO - Starting calc_spline
2024-05-15 22:30:18,184 - INFO - Finished calc_spline
2024-05-15 22:30:18,184 - INFO - Starting calc_spline
2024-05-15 22:30:18,209 - INFO - Finished calc_spline
2024-05-15 22:30:18,209 - INFO - Starting calc_spline
2024-05-15 22:30:18,235 - INFO - Finished calc_spline
2024-05-15 22:30:18,235 - INFO - Starting calc_spline
2024-05-15 22:30:18,262 - INFO - Finished calc_spline
2024-05-15 22:30:18,262 - INFO - Starting calc_spline
2024-05-15 22:30:18,289 - INFO - Finished calc_spline
2024-05-15 22:30:18,289 - INFO - Starting calc_spline
2024-05-15 22:30:18,316 - INFO - Finished calc_spline
2024-05-15 22:30:18,316 - INFO - Starting calc_spline
2024-05-15 22:30:18,343 - INFO - Finished calc_spline
2024-05-15 22:30:18,343 - INFO - Starting calc_spline
2024-05-15 22:30:18,369 - INFO - Finished calc_spline
2024-05-15 22:30:18,369 - INFO - Starting calc_spline
2024-05-15 22:30:18,395 - INFO - Finished calc_spline
2024-05-15 22:30:18,395 - INFO - Starting calc_spline
2024-05-15 22:30:18,421 - INFO - Finished calc_spline
2024-05-15 22:30:18,421 - INFO - Starting calc_spline
2024-05-15 22:30:18,447 - INFO - Finished calc_spline
2024-05-15 22:30:18,447 - INFO - Starting calc_spline
2024-05-15 22:30:18,473 - INFO - Finished calc_spline
2024-05-15 22:30:18,473 - INFO - Starting calc_spline
2024-05-15 22:30:18,499 - INFO - Finished calc_spline
2024-05-15 22:30:18,499 - INFO - Starting calc_spline
2024-05-15 22:30:18,525 - INFO - Finished calc_spline
2024-05-15 22:30:18,525 - INFO - Starting calc_spline
2024-05-15 22:30:18,551 - INFO - Finished calc_spline
2024-05-15 22:30:18,551 - INFO - Starting calc_spline
2024-05-15 22:30:18,577 - INFO - Finished calc_spline
2024-05-15 22:30:18,577 - INFO - Starting calc_spline
2024-05-15 22:30:18,602 - INFO - Finished calc_spline
2024-05-15 22:30:18,602 - INFO - Starting calc_spline
2024-05-15 22:30:18,628 - INFO - Finished calc_spline
2024-05-15 22:30:18,628 - INFO - Starting calc_spline
2024-05-15 22:30:18,654 - INFO - Finished calc_spline
2024-05-15 22:30:18,654 - INFO - Starting calc_spline
2024-05-15 22:30:18,704 - INFO - Finished calc_spline
2024-05-15 22:30:18,704 - INFO - Starting calc_spline
2024-05-15 22:30:18,730 - INFO - Finished calc_spline
2024-05-15 22:30:18,730 - INFO - Starting calc_spline
2024-05-15 22:30:18,756 - INFO - Finished calc_spline
2024-05-15 22:30:18,756 - INFO - Starting calc_spline
2024-05-15 22:30:18,782 - INFO - Finished calc_spline
2024-05-15 22:30:18,782 - INFO - Starting calc_spline
2024-05-15 22:30:18,807 - INFO - Finished calc_spline
2024-05-15 22:30:18,807 - INFO - Starting calc_spline
2024-05-15 22:30:18,833 - INFO - Finished calc_spline
2024-05-15 22:30:18,833 - INFO - Starting calc_spline
2024-05-15 22:30:18,859 - INFO - Finished calc_spline
2024-05-15 22:30:18,859 - INFO - Starting calc_spline
2024-05-15 22:30:18,885 - INFO - Finished calc_spline
2024-05-15 22:30:18,885 - INFO - Starting calc_spline
2024-05-15 22:30:18,910 - INFO - Finished calc_spline
2024-05-15 22:30:18,910 - INFO - Starting calc_spline
2024-05-15 22:30:18,936 - INFO - Finished calc_spline
2024-05-15 22:30:18,936 - INFO - Starting calc_spline
2024-05-15 22:30:18,961 - INFO - Finished calc_spline
2024-05-15 22:30:18,962 - INFO - Starting calc_spline
2024-05-15 22:30:18,987 - INFO - Finished calc_spline
2024-05-15 22:30:18,987 - INFO - Starting calc_spline
2024-05-15 22:30:19,013 - INFO - Finished calc_spline
2024-05-15 22:30:19,013 - INFO - Starting calc_spline
2024-05-15 22:30:19,039 - INFO - Finished calc_spline
2024-05-15 22:30:19,039 - INFO - Starting calc_spline
2024-05-15 22:30:19,065 - INFO - Finished calc_spline
2024-05-15 22:30:19,065 - INFO - Starting calc_spline
2024-05-15 22:30:19,090 - INFO - Finished calc_spline
2024-05-15 22:30:19,090 - INFO - Starting calc_spline
2024-05-15 22:30:19,116 - INFO - Finished calc_spline
2024-05-15 22:30:19,116 - INFO - Starting calc_spline
2024-05-15 22:30:19,144 - INFO - Finished calc_spline
2024-05-15 22:30:19,144 - INFO - Starting calc_spline
2024-05-15 22:30:19,170 - INFO - Finished calc_spline
2024-05-15 22:30:19,170 - INFO - Starting calc_spline
2024-05-15 22:30:19,196 - INFO - Finished calc_spline
2024-05-15 22:30:19,196 - INFO - Starting calc_spline
2024-05-15 22:30:19,222 - INFO - Finished calc_spline
2024-05-15 22:30:19,222 - INFO - Starting calc_spline
2024-05-15 22:30:19,248 - INFO - Finished calc_spline
2024-05-15 22:30:19,249 - INFO - Starting calc_spline
2024-05-15 22:30:19,277 - INFO - Finished calc_spline
2024-05-15 22:30:19,278 - INFO - Starting calc_spline
2024-05-15 22:30:19,304 - INFO - Finished calc_spline
2024-05-15 22:30:19,304 - INFO - Starting calc_spline
2024-05-15 22:30:19,331 - INFO - Finished calc_spline
2024-05-15 22:30:19,331 - INFO - Starting calc_spline
2024-05-15 22:30:19,358 - INFO - Finished calc_spline
2024-05-15 22:30:19,358 - INFO - Starting calc_spline
2024-05-15 22:30:19,384 - INFO - Finished calc_spline
2024-05-15 22:30:19,384 - INFO - Starting calc_spline
2024-05-15 22:30:19,409 - INFO - Finished calc_spline
2024-05-15 22:30:19,409 - INFO - Starting calc_spline
2024-05-15 22:30:19,436 - INFO - Finished calc_spline
2024-05-15 22:30:19,436 - INFO - Starting calc_spline
2024-05-15 22:30:19,463 - INFO - Finished calc_spline
2024-05-15 22:30:19,463 - INFO - Starting calc_spline
2024-05-15 22:30:19,490 - INFO - Finished calc_spline
2024-05-15 22:30:19,490 - INFO - Starting calc_spline
2024-05-15 22:30:19,515 - INFO - Finished calc_spline
2024-05-15 22:30:19,516 - INFO - Starting calc_spline
2024-05-15 22:30:19,541 - INFO - Finished calc_spline
2024-05-15 22:30:19,541 - INFO - Starting calc_spline
2024-05-15 22:30:19,568 - INFO - Finished calc_spline
2024-05-15 22:30:19,568 - INFO - Starting calc_spline
2024-05-15 22:30:19,595 - INFO - Finished calc_spline
2024-05-15 22:30:19,595 - INFO - Starting calc_spline
2024-05-15 22:30:19,621 - INFO - Finished calc_spline
2024-05-15 22:30:19,621 - INFO - Starting calc_spline
2024-05-15 22:30:19,646 - INFO - Finished calc_spline
2024-05-15 22:30:19,646 - INFO - Starting calc_spline
2024-05-15 22:30:19,672 - INFO - Finished calc_spline
2024-05-15 22:30:19,672 - INFO - Starting calc_spline
2024-05-15 22:30:19,698 - INFO - Finished calc_spline
2024-05-15 22:30:19,698 - INFO - Starting calc_spline
2024-05-15 22:30:19,724 - INFO - Finished calc_spline
2024-05-15 22:30:19,724 - INFO - Starting calc_spline
2024-05-15 22:30:19,750 - INFO - Finished calc_spline
2024-05-15 22:30:19,750 - INFO - Starting calc_spline
2024-05-15 22:30:19,776 - INFO - Finished calc_spline
2024-05-15 22:30:19,776 - INFO - Starting calc_spline
2024-05-15 22:30:19,802 - INFO - Finished calc_spline
2024-05-15 22:30:19,802 - INFO - Starting calc_spline
2024-05-15 22:30:19,827 - INFO - Finished calc_spline
2024-05-15 22:30:19,827 - INFO - Starting calc_spline
2024-05-15 22:30:19,853 - INFO - Finished calc_spline
2024-05-15 22:30:19,853 - INFO - Starting calc_spline
2024-05-15 22:30:19,879 - INFO - Finished calc_spline
2024-05-15 22:30:19,879 - INFO - Starting calc_spline
2024-05-15 22:30:19,905 - INFO - Finished calc_spline
2024-05-15 22:30:19,905 - INFO - Starting calc_spline
2024-05-15 22:30:19,931 - INFO - Finished calc_spline
2024-05-15 22:30:19,931 - INFO - Starting calc_spline
2024-05-15 22:30:19,957 - INFO - Finished calc_spline
2024-05-15 22:30:19,957 - INFO - Starting calc_spline
2024-05-15 22:30:19,983 - INFO - Finished calc_spline
2024-05-15 22:30:19,983 - INFO - Starting calc_spline
2024-05-15 22:30:20,009 - INFO - Finished calc_spline
2024-05-15 22:30:20,009 - INFO - Starting calc_spline
2024-05-15 22:30:20,034 - INFO - Finished calc_spline
2024-05-15 22:30:20,034 - INFO - Starting calc_spline
2024-05-15 22:30:20,060 - INFO - Finished calc_spline
2024-05-15 22:30:20,060 - INFO - Starting calc_spline
2024-05-15 22:30:20,086 - INFO - Finished calc_spline
2024-05-15 22:30:20,086 - INFO - Starting calc_spline
2024-05-15 22:30:20,112 - INFO - Finished calc_spline
2024-05-15 22:30:20,112 - INFO - Starting calc_spline
2024-05-15 22:30:20,138 - INFO - Finished calc_spline
2024-05-15 22:30:20,138 - INFO - Starting calc_spline
2024-05-15 22:30:20,163 - INFO - Finished calc_spline
2024-05-15 22:30:20,163 - INFO - Starting calc_spline
2024-05-15 22:30:20,189 - INFO - Finished calc_spline
2024-05-15 22:30:20,189 - INFO - Starting calc_spline
2024-05-15 22:30:20,215 - INFO - Finished calc_spline
2024-05-15 22:30:20,215 - INFO - Starting calc_spline
2024-05-15 22:30:20,241 - INFO - Finished calc_spline
2024-05-15 22:30:20,241 - INFO - Starting calc_spline
2024-05-15 22:30:20,267 - INFO - Finished calc_spline
2024-05-15 22:30:20,267 - INFO - Starting calc_spline
2024-05-15 22:30:20,293 - INFO - Finished calc_spline
2024-05-15 22:30:20,293 - INFO - Starting calc_spline
2024-05-15 22:30:20,319 - INFO - Finished calc_spline
2024-05-15 22:30:20,319 - INFO - Starting calc_spline
2024-05-15 22:30:20,345 - INFO - Finished calc_spline
2024-05-15 22:30:20,345 - INFO - Starting calc_spline
2024-05-15 22:30:20,371 - INFO - Finished calc_spline
2024-05-15 22:30:20,371 - INFO - Starting calc_spline
2024-05-15 22:30:20,396 - INFO - Finished calc_spline
2024-05-15 22:30:20,396 - INFO - Starting calc_spline
2024-05-15 22:30:20,422 - INFO - Finished calc_spline
2024-05-15 22:30:20,422 - INFO - Starting calc_spline
2024-05-15 22:30:20,447 - INFO - Finished calc_spline
2024-05-15 22:30:20,447 - INFO - Starting calc_spline
2024-05-15 22:30:20,474 - INFO - Finished calc_spline
2024-05-15 22:30:20,474 - INFO - Starting calc_spline
2024-05-15 22:30:20,500 - INFO - Finished calc_spline
2024-05-15 22:30:20,500 - INFO - Starting calc_spline
2024-05-15 22:30:20,526 - INFO - Finished calc_spline
2024-05-15 22:30:20,526 - INFO - Starting calc_spline
2024-05-15 22:30:20,551 - INFO - Finished calc_spline
2024-05-15 22:30:20,551 - INFO - Starting calc_spline
2024-05-15 22:30:20,578 - INFO - Finished calc_spline
2024-05-15 22:30:20,578 - INFO - Starting calc_spline
2024-05-15 22:30:20,604 - INFO - Finished calc_spline
2024-05-15 22:30:20,604 - INFO - Starting calc_spline
2024-05-15 22:30:20,630 - INFO - Finished calc_spline
2024-05-15 22:30:20,630 - INFO - Starting calc_spline
2024-05-15 22:30:20,657 - INFO - Finished calc_spline
2024-05-15 22:30:20,657 - INFO - Starting calc_spline
2024-05-15 22:30:20,685 - INFO - Finished calc_spline
2024-05-15 22:30:20,685 - INFO - Starting calc_spline
2024-05-15 22:30:20,738 - INFO - Finished calc_spline
2024-05-15 22:30:20,738 - INFO - Starting calc_spline
2024-05-15 22:30:20,765 - INFO - Finished calc_spline
2024-05-15 22:30:20,766 - INFO - Starting calc_spline
2024-05-15 22:30:20,792 - INFO - Finished calc_spline
2024-05-15 22:30:20,792 - INFO - Starting calc_spline
2024-05-15 22:30:20,818 - INFO - Finished calc_spline
2024-05-15 22:30:20,819 - INFO - Starting calc_spline
2024-05-15 22:30:20,846 - INFO - Finished calc_spline
2024-05-15 22:30:20,846 - INFO - Starting calc_spline
2024-05-15 22:30:20,872 - INFO - Finished calc_spline
2024-05-15 22:30:20,872 - INFO - Starting calc_spline
2024-05-15 22:30:20,899 - INFO - Finished calc_spline
2024-05-15 22:30:20,899 - INFO - Starting calc_spline
2024-05-15 22:30:20,924 - INFO - Finished calc_spline
2024-05-15 22:30:20,925 - INFO - Starting calc_spline
2024-05-15 22:30:20,950 - INFO - Finished calc_spline
2024-05-15 22:30:20,950 - INFO - Starting calc_spline
2024-05-15 22:30:20,975 - INFO - Finished calc_spline
2024-05-15 22:30:20,976 - INFO - Starting calc_spline
2024-05-15 22:30:21,002 - INFO - Finished calc_spline
2024-05-15 22:30:21,002 - INFO - Starting calc_spline
2024-05-15 22:30:21,028 - INFO - Finished calc_spline
2024-05-15 22:30:21,028 - INFO - Starting calc_spline
2024-05-15 22:30:21,053 - INFO - Finished calc_spline
2024-05-15 22:30:21,053 - INFO - Starting calc_spline
2024-05-15 22:30:21,079 - INFO - Finished calc_spline
2024-05-15 22:30:21,079 - INFO - Starting calc_spline
2024-05-15 22:30:21,105 - INFO - Finished calc_spline
2024-05-15 22:30:21,105 - INFO - Starting calc_spline
2024-05-15 22:30:21,131 - INFO - Finished calc_spline
2024-05-15 22:30:21,131 - INFO - Starting calc_spline
2024-05-15 22:30:21,156 - INFO - Finished calc_spline
2024-05-15 22:30:21,156 - INFO - Starting calc_spline
2024-05-15 22:30:21,182 - INFO - Finished calc_spline
2024-05-15 22:30:21,182 - INFO - Starting calc_spline
2024-05-15 22:30:21,208 - INFO - Finished calc_spline
2024-05-15 22:30:21,208 - INFO - Starting calc_spline
2024-05-15 22:30:21,233 - INFO - Finished calc_spline
2024-05-15 22:30:21,233 - INFO - Starting calc_spline
2024-05-15 22:30:21,259 - INFO - Finished calc_spline
2024-05-15 22:30:21,259 - INFO - Starting calc_spline
2024-05-15 22:30:21,286 - INFO - Finished calc_spline
2024-05-15 22:30:21,286 - INFO - Starting calc_spline
2024-05-15 22:30:21,312 - INFO - Finished calc_spline
2024-05-15 22:30:21,312 - INFO - Starting calc_spline
2024-05-15 22:30:21,337 - INFO - Finished calc_spline
2024-05-15 22:30:21,338 - INFO - Starting calc_spline
2024-05-15 22:30:21,365 - INFO - Finished calc_spline
2024-05-15 22:30:21,365 - INFO - Starting calc_spline
2024-05-15 22:30:21,392 - INFO - Finished calc_spline
2024-05-15 22:30:21,392 - INFO - Starting calc_spline
2024-05-15 22:30:21,418 - INFO - Finished calc_spline
2024-05-15 22:30:21,418 - INFO - Starting calc_spline
2024-05-15 22:30:21,443 - INFO - Finished calc_spline
2024-05-15 22:30:21,444 - INFO - Starting calc_spline
2024-05-15 22:30:21,469 - INFO - Finished calc_spline
2024-05-15 22:30:21,469 - INFO - Starting calc_spline
2024-05-15 22:30:21,495 - INFO - Finished calc_spline
2024-05-15 22:30:21,495 - INFO - Starting calc_spline
2024-05-15 22:30:21,521 - INFO - Finished calc_spline
2024-05-15 22:30:21,521 - INFO - Starting calc_spline
2024-05-15 22:30:21,546 - INFO - Finished calc_spline
2024-05-15 22:30:21,547 - INFO - Starting calc_spline
2024-05-15 22:30:21,572 - INFO - Finished calc_spline
2024-05-15 22:30:21,572 - INFO - Starting calc_spline
2024-05-15 22:30:21,598 - INFO - Finished calc_spline
2024-05-15 22:30:21,598 - INFO - Starting calc_spline
2024-05-15 22:30:21,626 - INFO - Finished calc_spline
2024-05-15 22:30:21,626 - INFO - Starting calc_spline
2024-05-15 22:30:21,652 - INFO - Finished calc_spline
2024-05-15 22:30:21,652 - INFO - Starting calc_spline
2024-05-15 22:30:21,677 - INFO - Finished calc_spline
2024-05-15 22:30:21,678 - INFO - Starting calc_spline
2024-05-15 22:30:21,704 - INFO - Finished calc_spline
2024-05-15 22:30:21,704 - INFO - Starting calc_spline
2024-05-15 22:30:21,730 - INFO - Finished calc_spline
2024-05-15 22:30:21,730 - INFO - Starting calc_spline
2024-05-15 22:30:21,755 - INFO - Finished calc_spline
2024-05-15 22:30:21,755 - INFO - Starting calc_spline
2024-05-15 22:30:21,781 - INFO - Finished calc_spline
2024-05-15 22:30:21,781 - INFO - Starting calc_spline
2024-05-15 22:30:21,807 - INFO - Finished calc_spline
2024-05-15 22:30:21,807 - INFO - Starting calc_spline
2024-05-15 22:30:21,833 - INFO - Finished calc_spline
2024-05-15 22:30:21,833 - INFO - Starting calc_spline
2024-05-15 22:30:21,858 - INFO - Finished calc_spline
2024-05-15 22:30:21,858 - INFO - Starting calc_spline
2024-05-15 22:30:21,884 - INFO - Finished calc_spline
2024-05-15 22:30:21,884 - INFO - Starting calc_spline
2024-05-15 22:30:21,910 - INFO - Finished calc_spline
2024-05-15 22:30:21,910 - INFO - Starting calc_spline
2024-05-15 22:30:21,936 - INFO - Finished calc_spline
2024-05-15 22:30:21,936 - INFO - Starting calc_spline
2024-05-15 22:30:21,963 - INFO - Finished calc_spline
2024-05-15 22:30:21,963 - INFO - Starting calc_spline
2024-05-15 22:30:21,990 - INFO - Finished calc_spline
2024-05-15 22:30:21,990 - INFO - Starting calc_spline
2024-05-15 22:30:22,017 - INFO - Finished calc_spline
2024-05-15 22:30:22,017 - INFO - Starting calc_spline
2024-05-15 22:30:22,043 - INFO - Finished calc_spline
2024-05-15 22:30:22,043 - INFO - Starting calc_spline
2024-05-15 22:30:22,069 - INFO - Finished calc_spline
2024-05-15 22:30:22,069 - INFO - Starting calc_spline
2024-05-15 22:30:22,097 - INFO - Finished calc_spline
2024-05-15 22:30:22,097 - INFO - Starting calc_spline
2024-05-15 22:30:22,123 - INFO - Finished calc_spline
2024-05-15 22:30:22,123 - INFO - Starting calc_spline
2024-05-15 22:30:22,149 - INFO - Finished calc_spline
2024-05-15 22:30:22,149 - INFO - Starting calc_spline
2024-05-15 22:30:22,174 - INFO - Finished calc_spline
2024-05-15 22:30:22,174 - INFO - Starting calc_spline
2024-05-15 22:30:22,200 - INFO - Finished calc_spline
2024-05-15 22:30:22,201 - INFO - Starting calc_spline
2024-05-15 22:30:22,226 - INFO - Finished calc_spline
2024-05-15 22:30:22,226 - INFO - Starting calc_spline
2024-05-15 22:30:22,252 - INFO - Finished calc_spline
2024-05-15 22:30:22,252 - INFO - Starting calc_spline
2024-05-15 22:30:22,278 - INFO - Finished calc_spline
2024-05-15 22:30:22,278 - INFO - Starting calc_spline
2024-05-15 22:30:22,304 - INFO - Finished calc_spline
2024-05-15 22:30:22,304 - INFO - Starting calc_spline
2024-05-15 22:30:22,330 - INFO - Finished calc_spline
2024-05-15 22:30:22,330 - INFO - Starting calc_spline
2024-05-15 22:30:22,356 - INFO - Finished calc_spline
2024-05-15 22:30:22,356 - INFO - Starting calc_spline
2024-05-15 22:30:22,381 - INFO - Finished calc_spline
2024-05-15 22:30:22,381 - INFO - Starting calc_spline
2024-05-15 22:30:22,407 - INFO - Finished calc_spline
2024-05-15 22:30:22,407 - INFO - Starting calc_spline
2024-05-15 22:30:22,432 - INFO - Finished calc_spline
2024-05-15 22:30:22,433 - INFO - Starting calc_spline
2024-05-15 22:30:22,458 - INFO - Finished calc_spline
2024-05-15 22:30:22,459 - INFO - Starting calc_spline
2024-05-15 22:30:22,484 - INFO - Finished calc_spline
2024-05-15 22:30:22,484 - INFO - Starting calc_spline
2024-05-15 22:30:22,510 - INFO - Finished calc_spline
2024-05-15 22:30:22,510 - INFO - Starting calc_spline
2024-05-15 22:30:22,536 - INFO - Finished calc_spline
2024-05-15 22:30:22,536 - INFO - Starting calc_spline
2024-05-15 22:30:22,562 - INFO - Finished calc_spline
2024-05-15 22:30:22,562 - INFO - Starting calc_spline
2024-05-15 22:30:22,587 - INFO - Finished calc_spline
2024-05-15 22:30:22,587 - INFO - Starting calc_spline
2024-05-15 22:30:22,613 - INFO - Finished calc_spline
2024-05-15 22:30:22,613 - INFO - Starting calc_spline
2024-05-15 22:30:22,639 - INFO - Finished calc_spline
2024-05-15 22:30:22,639 - INFO - Starting calc_spline
2024-05-15 22:30:22,664 - INFO - Finished calc_spline
2024-05-15 22:30:22,664 - INFO - Starting calc_spline
2024-05-15 22:30:22,690 - INFO - Finished calc_spline
2024-05-15 22:30:22,690 - INFO - Starting calc_spline
2024-05-15 22:30:22,716 - INFO - Finished calc_spline
2024-05-15 22:30:22,716 - INFO - Starting calc_spline
2024-05-15 22:30:22,742 - INFO - Finished calc_spline
2024-05-15 22:30:22,742 - INFO - Starting calc_spline
2024-05-15 22:30:22,768 - INFO - Finished calc_spline
2024-05-15 22:30:22,768 - INFO - Starting calc_spline
2024-05-15 22:30:22,793 - INFO - Finished calc_spline
2024-05-15 22:30:22,793 - INFO - Starting calc_spline
2024-05-15 22:30:22,819 - INFO - Finished calc_spline
2024-05-15 22:30:22,819 - INFO - Starting calc_spline
2024-05-15 22:30:22,845 - INFO - Finished calc_spline
2024-05-15 22:30:22,845 - INFO - Starting calc_spline
2024-05-15 22:30:22,895 - INFO - Finished calc_spline
2024-05-15 22:30:22,895 - INFO - Starting calc_spline
2024-05-15 22:30:22,921 - INFO - Finished calc_spline
2024-05-15 22:30:22,921 - INFO - Starting calc_spline
2024-05-15 22:30:22,947 - INFO - Finished calc_spline
2024-05-15 22:30:22,947 - INFO - Starting calc_spline
2024-05-15 22:30:22,972 - INFO - Finished calc_spline
2024-05-15 22:30:22,972 - INFO - Starting calc_spline
2024-05-15 22:30:22,998 - INFO - Finished calc_spline
2024-05-15 22:30:22,998 - INFO - Starting calc_spline
2024-05-15 22:30:23,024 - INFO - Finished calc_spline
2024-05-15 22:30:23,024 - INFO - Starting calc_spline
2024-05-15 22:30:23,050 - INFO - Finished calc_spline
2024-05-15 22:30:23,050 - INFO - Starting calc_spline
2024-05-15 22:30:23,075 - INFO - Finished calc_spline
2024-05-15 22:30:23,075 - INFO - Starting calc_spline
2024-05-15 22:30:23,101 - INFO - Finished calc_spline
2024-05-15 22:30:23,101 - INFO - Starting calc_spline
2024-05-15 22:30:23,127 - INFO - Finished calc_spline
2024-05-15 22:30:23,127 - INFO - Starting calc_spline
2024-05-15 22:30:23,152 - INFO - Finished calc_spline
2024-05-15 22:30:23,152 - INFO - Starting calc_spline
2024-05-15 22:30:23,178 - INFO - Finished calc_spline
2024-05-15 22:30:23,178 - INFO - Starting calc_spline
2024-05-15 22:30:23,204 - INFO - Finished calc_spline
2024-05-15 22:30:23,204 - INFO - Starting calc_spline
2024-05-15 22:30:23,230 - INFO - Finished calc_spline
2024-05-15 22:30:23,230 - INFO - Starting calc_spline
2024-05-15 22:30:23,255 - INFO - Finished calc_spline
2024-05-15 22:30:23,255 - INFO - Starting calc_spline
2024-05-15 22:30:23,281 - INFO - Finished calc_spline
2024-05-15 22:30:23,281 - INFO - Starting calc_spline
2024-05-15 22:30:23,307 - INFO - Finished calc_spline
2024-05-15 22:30:23,307 - INFO - Starting calc_spline
2024-05-15 22:30:23,333 - INFO - Finished calc_spline
2024-05-15 22:30:23,333 - INFO - Starting calc_spline
2024-05-15 22:30:23,358 - INFO - Finished calc_spline
2024-05-15 22:30:23,358 - INFO - Starting calc_spline
2024-05-15 22:30:23,384 - INFO - Finished calc_spline
2024-05-15 22:30:23,384 - INFO - Starting calc_spline
2024-05-15 22:30:23,409 - INFO - Finished calc_spline
2024-05-15 22:30:23,409 - INFO - Starting calc_spline
2024-05-15 22:30:23,435 - INFO - Finished calc_spline
2024-05-15 22:30:23,435 - INFO - Starting calc_spline
2024-05-15 22:30:23,461 - INFO - Finished calc_spline
2024-05-15 22:30:23,461 - INFO - Starting calc_spline
2024-05-15 22:30:23,486 - INFO - Finished calc_spline
2024-05-15 22:30:23,487 - INFO - Starting calc_spline
2024-05-15 22:30:23,512 - INFO - Finished calc_spline
2024-05-15 22:30:23,512 - INFO - Starting calc_spline
2024-05-15 22:30:23,538 - INFO - Finished calc_spline
2024-05-15 22:30:23,538 - INFO - Starting calc_spline
2024-05-15 22:30:23,565 - INFO - Finished calc_spline
2024-05-15 22:30:23,565 - INFO - Starting calc_spline
2024-05-15 22:30:23,591 - INFO - Finished calc_spline
2024-05-15 22:30:23,591 - INFO - Starting calc_spline
2024-05-15 22:30:23,617 - INFO - Finished calc_spline
2024-05-15 22:30:23,617 - INFO - Starting calc_spline
2024-05-15 22:30:23,643 - INFO - Finished calc_spline
2024-05-15 22:30:23,643 - INFO - Starting calc_spline
2024-05-15 22:30:23,669 - INFO - Finished calc_spline
2024-05-15 22:30:23,669 - INFO - Starting calc_spline
2024-05-15 22:30:23,695 - INFO - Finished calc_spline
2024-05-15 22:30:23,695 - INFO - Starting calc_spline
2024-05-15 22:30:23,720 - INFO - Finished calc_spline
2024-05-15 22:30:23,720 - INFO - Starting calc_spline
2024-05-15 22:30:23,746 - INFO - Finished calc_spline
2024-05-15 22:30:23,746 - INFO - Starting calc_spline
2024-05-15 22:30:23,772 - INFO - Finished calc_spline
2024-05-15 22:30:23,772 - INFO - Starting calc_spline
2024-05-15 22:30:23,798 - INFO - Finished calc_spline
2024-05-15 22:30:23,798 - INFO - Starting calc_spline
2024-05-15 22:30:23,824 - INFO - Finished calc_spline
2024-05-15 22:30:23,824 - INFO - Starting calc_spline
2024-05-15 22:30:23,850 - INFO - Finished calc_spline
2024-05-15 22:30:23,850 - INFO - Starting calc_spline
2024-05-15 22:30:23,875 - INFO - Finished calc_spline
2024-05-15 22:30:23,875 - INFO - Starting calc_spline
2024-05-15 22:30:23,901 - INFO - Finished calc_spline
2024-05-15 22:30:23,901 - INFO - Starting calc_spline
2024-05-15 22:30:23,927 - INFO - Finished calc_spline
2024-05-15 22:30:23,927 - INFO - Starting calc_spline
2024-05-15 22:30:23,953 - INFO - Finished calc_spline
2024-05-15 22:30:23,953 - INFO - Starting calc_spline
2024-05-15 22:30:23,979 - INFO - Finished calc_spline
2024-05-15 22:30:23,979 - INFO - Starting calc_spline
2024-05-15 22:30:24,004 - INFO - Finished calc_spline
2024-05-15 22:30:24,004 - INFO - Starting calc_spline
2024-05-15 22:30:24,030 - INFO - Finished calc_spline
2024-05-15 22:30:24,030 - INFO - Starting calc_spline
2024-05-15 22:30:24,056 - INFO - Finished calc_spline
2024-05-15 22:30:24,056 - INFO - Starting calc_spline
2024-05-15 22:30:24,081 - INFO - Finished calc_spline
2024-05-15 22:30:24,081 - INFO - Starting calc_spline
2024-05-15 22:30:24,107 - INFO - Finished calc_spline
2024-05-15 22:30:24,107 - INFO - Starting calc_spline
2024-05-15 22:30:24,133 - INFO - Finished calc_spline
2024-05-15 22:30:24,133 - INFO - Starting calc_spline
2024-05-15 22:30:24,160 - INFO - Finished calc_spline
2024-05-15 22:30:24,160 - INFO - Starting calc_spline
2024-05-15 22:30:24,186 - INFO - Finished calc_spline
2024-05-15 22:30:24,186 - INFO - Starting calc_spline
2024-05-15 22:30:24,212 - INFO - Finished calc_spline
2024-05-15 22:30:24,212 - INFO - Starting calc_spline
2024-05-15 22:30:24,237 - INFO - Finished calc_spline
2024-05-15 22:30:24,237 - INFO - Starting calc_spline
2024-05-15 22:30:24,264 - INFO - Finished calc_spline
2024-05-15 22:30:24,264 - INFO - Starting calc_spline
2024-05-15 22:30:24,291 - INFO - Finished calc_spline
2024-05-15 22:30:24,291 - INFO - Starting calc_spline
2024-05-15 22:30:24,317 - INFO - Finished calc_spline
2024-05-15 22:30:24,317 - INFO - Starting calc_spline
2024-05-15 22:30:24,342 - INFO - Finished calc_spline
2024-05-15 22:30:24,342 - INFO - Starting calc_spline
2024-05-15 22:30:24,369 - INFO - Finished calc_spline
2024-05-15 22:30:24,369 - INFO - Starting calc_spline
2024-05-15 22:30:24,396 - INFO - Finished calc_spline
2024-05-15 22:30:24,396 - INFO - Starting calc_spline
2024-05-15 22:30:24,421 - INFO - Finished calc_spline
2024-05-15 22:30:24,422 - INFO - Starting calc_spline
2024-05-15 22:30:24,447 - INFO - Finished calc_spline
2024-05-15 22:30:24,447 - INFO - Starting calc_spline
2024-05-15 22:30:24,473 - INFO - Finished calc_spline
2024-05-15 22:30:24,473 - INFO - Starting calc_spline
2024-05-15 22:30:24,499 - INFO - Finished calc_spline
2024-05-15 22:30:24,499 - INFO - Starting calc_spline
2024-05-15 22:30:24,525 - INFO - Finished calc_spline
2024-05-15 22:30:24,525 - INFO - Starting calc_spline
2024-05-15 22:30:24,550 - INFO - Finished calc_spline
2024-05-15 22:30:24,550 - INFO - Starting calc_spline
2024-05-15 22:30:24,576 - INFO - Finished calc_spline
2024-05-15 22:30:24,576 - INFO - Starting calc_spline
2024-05-15 22:30:24,602 - INFO - Finished calc_spline
2024-05-15 22:30:24,602 - INFO - Starting calc_spline
2024-05-15 22:30:24,627 - INFO - Finished calc_spline
2024-05-15 22:30:24,627 - INFO - Starting calc_spline
2024-05-15 22:30:24,653 - INFO - Finished calc_spline
2024-05-15 22:30:24,653 - INFO - Starting calc_spline
2024-05-15 22:30:24,679 - INFO - Finished calc_spline
2024-05-15 22:30:24,679 - INFO - Starting calc_spline
2024-05-15 22:30:24,705 - INFO - Finished calc_spline
2024-05-15 22:30:24,705 - INFO - Starting calc_spline
2024-05-15 22:30:24,730 - INFO - Finished calc_spline
2024-05-15 22:30:24,730 - INFO - Starting calc_spline
2024-05-15 22:30:24,755 - INFO - Finished calc_spline
2024-05-15 22:30:24,755 - INFO - Starting calc_spline
2024-05-15 22:30:24,782 - INFO - Finished calc_spline
2024-05-15 22:30:24,782 - INFO - Starting calc_spline
2024-05-15 22:30:24,807 - INFO - Finished calc_spline
2024-05-15 22:30:24,807 - INFO - Starting calc_spline
2024-05-15 22:30:24,832 - INFO - Finished calc_spline
2024-05-15 22:30:24,832 - INFO - Starting calc_spline
2024-05-15 22:30:24,858 - INFO - Finished calc_spline
2024-05-15 22:30:24,858 - INFO - Starting calc_spline
2024-05-15 22:30:24,885 - INFO - Finished calc_spline
2024-05-15 22:30:24,885 - INFO - Starting calc_spline
2024-05-15 22:30:24,936 - INFO - Finished calc_spline
2024-05-15 22:30:24,936 - INFO - Starting calc_spline
2024-05-15 22:30:24,962 - INFO - Finished calc_spline
2024-05-15 22:30:24,962 - INFO - Starting calc_spline
2024-05-15 22:30:24,987 - INFO - Finished calc_spline
2024-05-15 22:30:24,987 - INFO - Starting calc_spline
2024-05-15 22:30:25,012 - INFO - Finished calc_spline
2024-05-15 22:30:25,013 - INFO - Starting calc_spline
2024-05-15 22:30:25,038 - INFO - Finished calc_spline
2024-05-15 22:30:25,038 - INFO - Starting calc_spline
2024-05-15 22:30:25,064 - INFO - Finished calc_spline
2024-05-15 22:30:25,064 - INFO - Starting calc_spline
2024-05-15 22:30:25,089 - INFO - Finished calc_spline
2024-05-15 22:30:25,089 - INFO - Starting calc_spline
2024-05-15 22:30:25,115 - INFO - Finished calc_spline
2024-05-15 22:30:25,115 - INFO - Starting calc_spline
2024-05-15 22:30:25,140 - INFO - Finished calc_spline
2024-05-15 22:30:25,140 - INFO - Starting calc_spline
2024-05-15 22:30:25,166 - INFO - Finished calc_spline
2024-05-15 22:30:25,166 - INFO - Starting calc_spline
2024-05-15 22:30:25,192 - INFO - Finished calc_spline
2024-05-15 22:30:25,192 - INFO - Starting calc_spline
2024-05-15 22:30:25,217 - INFO - Finished calc_spline
2024-05-15 22:30:25,217 - INFO - Starting calc_spline
2024-05-15 22:30:25,243 - INFO - Finished calc_spline
2024-05-15 22:30:25,243 - INFO - Starting calc_spline
2024-05-15 22:30:25,268 - INFO - Finished calc_spline
2024-05-15 22:30:25,268 - INFO - Starting calc_spline
2024-05-15 22:30:25,294 - INFO - Finished calc_spline
2024-05-15 22:30:25,294 - INFO - Starting calc_spline
2024-05-15 22:30:25,319 - INFO - Finished calc_spline
2024-05-15 22:30:25,320 - INFO - Starting calc_spline
2024-05-15 22:30:25,345 - INFO - Finished calc_spline
2024-05-15 22:30:25,345 - INFO - Starting calc_spline
2024-05-15 22:30:25,370 - INFO - Finished calc_spline
2024-05-15 22:30:25,370 - INFO - Starting calc_spline
2024-05-15 22:30:25,396 - INFO - Finished calc_spline
2024-05-15 22:30:25,397 - INFO - Starting calc_spline
2024-05-15 22:30:25,422 - INFO - Finished calc_spline
2024-05-15 22:30:25,422 - INFO - Starting calc_spline
2024-05-15 22:30:25,448 - INFO - Finished calc_spline
2024-05-15 22:30:25,448 - INFO - Starting calc_spline
2024-05-15 22:30:25,473 - INFO - Finished calc_spline
2024-05-15 22:30:25,473 - INFO - Starting calc_spline
2024-05-15 22:30:25,501 - INFO - Finished calc_spline
2024-05-15 22:30:25,501 - INFO - Starting calc_spline
2024-05-15 22:30:25,527 - INFO - Finished calc_spline
2024-05-15 22:30:25,527 - INFO - Starting calc_spline
2024-05-15 22:30:25,552 - INFO - Finished calc_spline
2024-05-15 22:30:25,552 - INFO - Starting calc_spline
2024-05-15 22:30:25,579 - INFO - Finished calc_spline
2024-05-15 22:30:25,579 - INFO - Starting calc_spline
2024-05-15 22:30:25,605 - INFO - Finished calc_spline
2024-05-15 22:30:25,605 - INFO - Starting calc_spline
2024-05-15 22:30:25,630 - INFO - Finished calc_spline
2024-05-15 22:30:25,630 - INFO - Starting calc_spline
2024-05-15 22:30:25,656 - INFO - Finished calc_spline
2024-05-15 22:30:25,657 - INFO - Starting calc_spline
2024-05-15 22:30:25,683 - INFO - Finished calc_spline
2024-05-15 22:30:25,683 - INFO - Starting calc_spline
2024-05-15 22:30:25,708 - INFO - Finished calc_spline
2024-05-15 22:30:25,709 - INFO - Starting calc_spline
2024-05-15 22:30:25,734 - INFO - Finished calc_spline
2024-05-15 22:30:25,734 - INFO - Starting calc_spline
2024-05-15 22:30:25,760 - INFO - Finished calc_spline
2024-05-15 22:30:25,760 - INFO - Starting calc_spline
2024-05-15 22:30:25,786 - INFO - Finished calc_spline
2024-05-15 22:30:25,786 - INFO - Starting calc_spline
2024-05-15 22:30:25,811 - INFO - Finished calc_spline
2024-05-15 22:30:25,811 - INFO - Starting calc_spline
2024-05-15 22:30:25,837 - INFO - Finished calc_spline
2024-05-15 22:30:25,837 - INFO - Starting calc_spline
2024-05-15 22:30:25,862 - INFO - Finished calc_spline
2024-05-15 22:30:25,863 - INFO - Starting calc_spline
2024-05-15 22:30:25,889 - INFO - Finished calc_spline
2024-05-15 22:30:25,889 - INFO - Starting calc_spline
2024-05-15 22:30:25,914 - INFO - Finished calc_spline
2024-05-15 22:30:25,914 - INFO - Starting calc_spline
2024-05-15 22:30:25,940 - INFO - Finished calc_spline
2024-05-15 22:30:25,940 - INFO - Starting calc_spline
2024-05-15 22:30:25,966 - INFO - Finished calc_spline
2024-05-15 22:30:25,966 - INFO - Starting calc_spline
2024-05-15 22:30:25,992 - INFO - Finished calc_spline
2024-05-15 22:30:25,992 - INFO - Starting calc_spline
2024-05-15 22:30:26,017 - INFO - Finished calc_spline
2024-05-15 22:30:26,017 - INFO - Starting calc_spline
2024-05-15 22:30:26,043 - INFO - Finished calc_spline
2024-05-15 22:30:26,043 - INFO - Starting calc_spline
2024-05-15 22:30:26,068 - INFO - Finished calc_spline
2024-05-15 22:30:26,068 - INFO - Starting calc_spline
2024-05-15 22:30:26,094 - INFO - Finished calc_spline
2024-05-15 22:30:26,094 - INFO - Starting calc_spline
2024-05-15 22:30:26,120 - INFO - Finished calc_spline
2024-05-15 22:30:26,120 - INFO - Starting calc_spline
2024-05-15 22:30:26,146 - INFO - Finished calc_spline
2024-05-15 22:30:26,146 - INFO - Starting calc_spline
2024-05-15 22:30:26,171 - INFO - Finished calc_spline
2024-05-15 22:30:26,171 - INFO - Starting calc_spline
2024-05-15 22:30:26,197 - INFO - Finished calc_spline
2024-05-15 22:30:26,197 - INFO - Starting calc_spline
2024-05-15 22:30:26,223 - INFO - Finished calc_spline
2024-05-15 22:30:26,223 - INFO - Starting calc_spline
2024-05-15 22:30:26,249 - INFO - Finished calc_spline
2024-05-15 22:30:26,249 - INFO - Starting calc_spline
2024-05-15 22:30:26,274 - INFO - Finished calc_spline
2024-05-15 22:30:26,274 - INFO - Starting calc_spline
2024-05-15 22:30:26,300 - INFO - Finished calc_spline
2024-05-15 22:30:26,300 - INFO - Starting calc_spline
2024-05-15 22:30:26,327 - INFO - Finished calc_spline
2024-05-15 22:30:26,327 - INFO - Starting calc_spline
2024-05-15 22:30:26,353 - INFO - Finished calc_spline
2024-05-15 22:30:26,353 - INFO - Starting calc_spline
2024-05-15 22:30:26,379 - INFO - Finished calc_spline
2024-05-15 22:30:26,379 - INFO - Starting calc_spline
2024-05-15 22:30:26,405 - INFO - Finished calc_spline
2024-05-15 22:30:26,405 - INFO - Starting calc_spline
2024-05-15 22:30:26,431 - INFO - Finished calc_spline
2024-05-15 22:30:26,431 - INFO - Starting calc_spline
2024-05-15 22:30:26,457 - INFO - Finished calc_spline
2024-05-15 22:30:26,457 - INFO - Starting calc_spline
2024-05-15 22:30:26,483 - INFO - Finished calc_spline
2024-05-15 22:30:26,483 - INFO - Starting calc_spline
2024-05-15 22:30:26,509 - INFO - Finished calc_spline
2024-05-15 22:30:26,509 - INFO - Starting calc_spline
2024-05-15 22:30:26,534 - INFO - Finished calc_spline
2024-05-15 22:30:26,534 - INFO - Starting calc_spline
2024-05-15 22:30:26,560 - INFO - Finished calc_spline
2024-05-15 22:30:26,560 - INFO - Starting calc_spline
2024-05-15 22:30:26,585 - INFO - Finished calc_spline
2024-05-15 22:30:26,585 - INFO - Starting calc_spline
2024-05-15 22:30:26,611 - INFO - Finished calc_spline
2024-05-15 22:30:26,611 - INFO - Starting calc_spline
2024-05-15 22:30:26,637 - INFO - Finished calc_spline
2024-05-15 22:30:26,637 - INFO - Starting calc_spline
2024-05-15 22:30:26,664 - INFO - Finished calc_spline
2024-05-15 22:30:26,664 - INFO - Starting calc_spline
2024-05-15 22:30:26,690 - INFO - Finished calc_spline
2024-05-15 22:30:26,691 - INFO - Starting calc_spline
2024-05-15 22:30:26,717 - INFO - Finished calc_spline
2024-05-15 22:30:26,717 - INFO - Starting calc_spline
2024-05-15 22:30:26,743 - INFO - Finished calc_spline
2024-05-15 22:30:26,743 - INFO - Starting calc_spline
2024-05-15 22:30:26,769 - INFO - Finished calc_spline
2024-05-15 22:30:26,769 - INFO - Starting calc_spline
2024-05-15 22:30:26,794 - INFO - Finished calc_spline
2024-05-15 22:30:26,794 - INFO - Starting calc_spline
2024-05-15 22:30:26,820 - INFO - Finished calc_spline
2024-05-15 22:30:26,820 - INFO - Starting calc_spline
2024-05-15 22:30:26,846 - INFO - Finished calc_spline
2024-05-15 22:30:26,846 - INFO - Starting calc_spline
2024-05-15 22:30:26,872 - INFO - Finished calc_spline
2024-05-15 22:30:26,872 - INFO - Starting calc_spline
2024-05-15 22:30:26,898 - INFO - Finished calc_spline
2024-05-15 22:30:26,898 - INFO - Starting calc_spline
2024-05-15 22:30:26,924 - INFO - Finished calc_spline
2024-05-15 22:30:26,924 - INFO - Starting calc_spline
2024-05-15 22:30:26,951 - INFO - Finished calc_spline
2024-05-15 22:30:26,951 - INFO - Starting calc_spline
2024-05-15 22:30:26,977 - INFO - Finished calc_spline
2024-05-15 22:30:26,977 - INFO - Finished run_linear
